# JRE version: OpenJDK Runtime Environment Temurin-21.0.12.1+1 (21.0.12.1+1) (build 21.0.12.1+1-LTS)
# Java VM: OpenJDK 64-Bit Server VM Temurin-21.0.12.1+1 (21.0.12.1+1-LTS, mixed mode, sharing, tiered, compressed oops, compressed class ptrs, parallel gc, windows-amd64)
GC Precious Log:
 CardTable entry size: 512
 CPUs: 12 total, 12 available
 Memory: 7916M
 Large Page Support: Disabled
 NUMA Support: Disabled
 Compressed Oops: Enabled (Zero based)
 Alignments: Space 512K, Generation 512K, Heap 2M
 Heap Min Capacity: 100M
 Heap Initial Capacity: 100M
 Heap Max Capacity: 8G
 Pre-touch: Disabled
 Parallel Workers: 10
Heap:
 PSYoungGen      total 23552K, used 16655K [0x0000000755580000, 0x0000000757100000, 0x0000000800000000)
  eden space 22016K, 68% used [0x0000000755580000,0x0000000756448ab8,0x0000000756b00000)
  from space 1536K, 98% used [0x0000000756f00000,0x000000075707b360,0x0000000757080000)
  to   space 3072K, 0% used [0x0000000756b00000,0x0000000756b00000,0x0000000756e00000)
 ParOldGen       total 68608K, used 18842K [0x0000000600000000, 0x0000000604300000, 0x0000000755580000)
  object space 68608K, 27% used [0x0000000600000000,0x0000000601266a90,0x0000000604300000)
 Metaspace       used 37926K, committed 39040K, reserved 1114112K
  class space    used 3999K, committed 4480K, reserved 1048576K
GC Heap History (20 events):
Event: 7.990 GC heap before
{Heap before GC invocations=7 (full 0):
 PSYoungGen      total 30208K, used 26026K [0x0000000755580000, 0x0000000757900000, 0x0000000800000000)
  eden space 24576K, 84% used [0x0000000755580000,0x00000007569d4010,0x0000000756d80000)
  from space 5632K, 92% used [0x0000000757380000,0x0000000757896bc8,0x0000000757900000)
  to   space 5632K, 0% used [0x0000000756e00000,0x0000000756e00000,0x0000000757380000)
 ParOldGen       total 68608K, used 7891K [0x0000000600000000, 0x0000000604300000, 0x0000000755580000)
  object space 68608K, 11% used [0x0000000600000000,0x00000006007b4c98,0x0000000604300000)
 Metaspace       used 20774K, committed 21504K, reserved 1114112K
  class space    used 2211K, committed 2560K, reserved 1048576K
}
Event: 7.994 GC heap after
{Heap after GC invocations=7 (full 0):
 PSYoungGen      total 29184K, used 4316K [0x0000000755580000, 0x0000000757780000, 0x0000000800000000)
  eden space 24576K, 0% used [0x0000000755580000,0x0000000755580000,0x0000000756d80000)
  from space 4608K, 93% used [0x0000000756e00000,0x0000000757237050,0x0000000757280000)
  to   space 5120K, 0% used [0x0000000757280000,0x0000000757280000,0x0000000757780000)
 ParOldGen       total 68608K, used 9470K [0x0000000600000000, 0x0000000604300000, 0x0000000755580000)
  object space 68608K, 13% used [0x0000000600000000,0x000000060093f950,0x0000000604300000)
 Metaspace       used 20774K, committed 21504K, reserved 1114112K
  class space    used 2211K, committed 2560K, reserved 1048576K
}
Event: 7.994 GC heap before
{Heap before GC invocations=8 (full 1):
 PSYoungGen      total 29184K, used 4316K [0x0000000755580000, 0x0000000757780000, 0x0000000800000000)
  eden space 24576K, 0% used [0x0000000755580000,0x0000000755580000,0x0000000756d80000)
  from space 4608K, 93% used [0x0000000756e00000,0x0000000757237050,0x0000000757280000)
  to   space 5120K, 0% used [0x0000000757280000,0x0000000757280000,0x0000000757780000)
 ParOldGen       total 68608K, used 9470K [0x0000000600000000, 0x0000000604300000, 0x0000000755580000)
  object space 68608K, 13% used [0x0000000600000000,0x000000060093f950,0x0000000604300000)
 Metaspace       used 20774K, committed 21504K, reserved 1114112K
  class space    used 2211K, committed 2560K, reserved 1048576K
}
Event: 8.024 GC heap after
{Heap after GC invocations=8 (full 1):
 PSYoungGen      total 29184K, used 0K [0x0000000755580000, 0x0000000757780000, 0x0000000800000000)
  eden space 24576K, 0% used [0x0000000755580000,0x0000000755580000,0x0000000756d80000)
  from space 4608K, 0% used [0x0000000756e00000,0x0000000756e00000,0x0000000757280000)
  to   space 5120K, 0% used [0x0000000757280000,0x0000000757280000,0x0000000757780000)
 ParOldGen       total 68608K, used 13109K [0x0000000600000000, 0x0000000604300000, 0x0000000755580000)
  object space 68608K, 19% used [0x0000000600000000,0x0000000600ccd4d0,0x0000000604300000)
 Metaspace       used 20761K, committed 21504K, reserved 1114112K
  class space    used 2207K, committed 2560K, reserved 1048576K
}
Event: 8.310 GC heap before
{Heap before GC invocations=9 (full 1):
 PSYoungGen      total 29184K, used 24576K [0x0000000755580000, 0x0000000757780000, 0x0000000800000000)
  eden space 24576K, 100% used [0x0000000755580000,0x0000000756d80000,0x0000000756d80000)
  from space 4608K, 0% used [0x0000000756e00000,0x0000000756e00000,0x0000000757280000)
  to   space 5120K, 0% used [0x0000000757280000,0x0000000757280000,0x0000000757780000)
 ParOldGen       total 68608K, used 13109K [0x0000000600000000, 0x0000000604300000, 0x0000000755580000)
  object space 68608K, 19% used [0x0000000600000000,0x0000000600ccd4d0,0x0000000604300000)
 Metaspace       used 23207K, committed 24000K, reserved 1114112K
  class space    used 2386K, committed 2752K, reserved 1048576K
}
Event: 8.311 GC heap after
{Heap after GC invocations=9 (full 1):
 PSYoungGen      total 25088K, used 775K [0x0000000755580000, 0x0000000757380000, 0x0000000800000000)
  eden space 24064K, 0% used [0x0000000755580000,0x0000000755580000,0x0000000756d00000)
  from space 1024K, 75% used [0x0000000757280000,0x0000000757341e98,0x0000000757380000)
  to   space 2560K, 0% used [0x0000000756e80000,0x0000000756e80000,0x0000000757100000)
 ParOldGen       total 68608K, used 13117K [0x0000000600000000, 0x0000000604300000, 0x0000000755580000)
  object space 68608K, 19% used [0x0000000600000000,0x0000000600ccf4d0,0x0000000604300000)
 Metaspace       used 23207K, committed 24000K, reserved 1114112K
  class space    used 2386K, committed 2752K, reserved 1048576K
}
Event: 8.684 GC heap before
{Heap before GC invocations=10 (full 1):
 PSYoungGen      total 25088K, used 24839K [0x0000000755580000, 0x0000000757380000, 0x0000000800000000)
  eden space 24064K, 100% used [0x0000000755580000,0x0000000756d00000,0x0000000756d00000)
  from space 1024K, 75% used [0x0000000757280000,0x0000000757341e98,0x0000000757380000)
  to   space 2560K, 0% used [0x0000000756e80000,0x0000000756e80000,0x0000000757100000)
 ParOldGen       total 68608K, used 13117K [0x0000000600000000, 0x0000000604300000, 0x0000000755580000)
  object space 68608K, 19% used [0x0000000600000000,0x0000000600ccf4d0,0x0000000604300000)
 Metaspace       used 26657K, committed 27456K, reserved 1114112K
  class space    used 2644K, committed 3008K, reserved 1048576K
}
Event: 8.685 GC heap after
{Heap after GC invocations=10 (full 1):
 PSYoungGen      total 26112K, used 2530K [0x0000000755580000, 0x0000000757300000, 0x0000000800000000)
  eden space 23552K, 0% used [0x0000000755580000,0x0000000755580000,0x0000000756c80000)
  from space 2560K, 98% used [0x0000000756e80000,0x00000007570f8860,0x0000000757100000)
  to   space 2048K, 0% used [0x0000000757100000,0x0000000757100000,0x0000000757300000)
 ParOldGen       total 68608K, used 13149K [0x0000000600000000, 0x0000000604300000, 0x0000000755580000)
  object space 68608K, 19% used [0x0000000600000000,0x0000000600cd74d0,0x0000000604300000)
 Metaspace       used 26657K, committed 27456K, reserved 1114112K
  class space    used 2644K, committed 3008K, reserved 1048576K
}
Event: 9.156 GC heap before
{Heap before GC invocations=11 (full 1):
 PSYoungGen      total 26112K, used 26051K [0x0000000755580000, 0x0000000757300000, 0x0000000800000000)
  eden space 23552K, 99% used [0x0000000755580000,0x0000000756c78668,0x0000000756c80000)
  from space 2560K, 98% used [0x0000000756e80000,0x00000007570f8860,0x0000000757100000)
  to   space 2048K, 0% used [0x0000000757100000,0x0000000757100000,0x0000000757300000)
 ParOldGen       total 68608K, used 13149K [0x0000000600000000, 0x0000000604300000, 0x0000000755580000)
  object space 68608K, 19% used [0x0000000600000000,0x0000000600cd74d0,0x0000000604300000)
 Metaspace       used 28431K, committed 29440K, reserved 1114112K
  class space    used 2816K, committed 3264K, reserved 1048576K
}
Event: 9.158 GC heap after
{Heap after GC invocations=11 (full 1):
 PSYoungGen      total 25088K, used 1937K [0x0000000755580000, 0x0000000757300000, 0x0000000800000000)
  eden space 23040K, 0% used [0x0000000755580000,0x0000000755580000,0x0000000756c00000)
  from space 2048K, 94% used [0x0000000757100000,0x00000007572e4660,0x0000000757300000)
  to   space 2560K, 0% used [0x0000000756e00000,0x0000000756e00000,0x0000000757080000)
 ParOldGen       total 68608K, used 14415K [0x0000000600000000, 0x0000000604300000, 0x0000000755580000)
  object space 68608K, 21% used [0x0000000600000000,0x0000000600e13e80,0x0000000604300000)
 Metaspace       used 28431K, committed 29440K, reserved 1114112K
  class space    used 2816K, committed 3264K, reserved 1048576K
}
Event: 9.432 GC heap before
{Heap before GC invocations=12 (full 1):
 PSYoungGen      total 25088K, used 24977K [0x0000000755580000, 0x0000000757300000, 0x0000000800000000)
  eden space 23040K, 100% used [0x0000000755580000,0x0000000756c00000,0x0000000756c00000)
  from space 2048K, 94% used [0x0000000757100000,0x00000007572e4660,0x0000000757300000)
  to   space 2560K, 0% used [0x0000000756e00000,0x0000000756e00000,0x0000000757080000)
 ParOldGen       total 68608K, used 14415K [0x0000000600000000, 0x0000000604300000, 0x0000000755580000)
  object space 68608K, 21% used [0x0000000600000000,0x0000000600e13e80,0x0000000604300000)
 Metaspace       used 31813K, committed 32768K, reserved 1114112K
  class space    used 3207K, committed 3648K, reserved 1048576K
}
Event: 9.435 GC heap after
{Heap after GC invocations=12 (full 1):
 PSYoungGen      total 24576K, used 1630K [0x0000000755580000, 0x0000000757180000, 0x0000000800000000)
  eden space 22528K, 0% used [0x0000000755580000,0x0000000755580000,0x0000000756b80000)
  from space 2048K, 79% used [0x0000000756e00000,0x0000000756f978e8,0x0000000757000000)
  to   space 1536K, 0% used [0x0000000757000000,0x0000000757000000,0x0000000757180000)
 ParOldGen       total 68608K, used 16125K [0x0000000600000000, 0x0000000604300000, 0x0000000755580000)
  object space 68608K, 23% used [0x0000000600000000,0x0000000600fbf618,0x0000000604300000)
 Metaspace       used 31813K, committed 32768K, reserved 1114112K
  class space    used 3207K, committed 3648K, reserved 1048576K
}
Event: 9.748 GC heap before
{Heap before GC invocations=13 (full 1):
 PSYoungGen      total 24576K, used 24158K [0x0000000755580000, 0x0000000757180000, 0x0000000800000000)
  eden space 22528K, 100% used [0x0000000755580000,0x0000000756b80000,0x0000000756b80000)
  from space 2048K, 79% used [0x0000000756e00000,0x0000000756f978e8,0x0000000757000000)
  to   space 1536K, 0% used [0x0000000757000000,0x0000000757000000,0x0000000757180000)
 ParOldGen       total 68608K, used 16125K [0x0000000600000000, 0x0000000604300000, 0x0000000755580000)
  object space 68608K, 23% used [0x0000000600000000,0x0000000600fbf618,0x0000000604300000)
 Metaspace       used 34574K, committed 35712K, reserved 1114112K
  class space    used 3589K, committed 4096K, reserved 1048576K
}
Event: 9.751 GC heap after
{Heap after GC invocations=13 (full 1):
 PSYoungGen      total 23552K, used 1531K [0x0000000755580000, 0x0000000757200000, 0x0000000800000000)
  eden space 22016K, 0% used [0x0000000755580000,0x0000000755580000,0x0000000756b00000)
  from space 1536K, 99% used [0x0000000757000000,0x000000075717ed78,0x0000000757180000)
  to   space 3584K, 0% used [0x0000000756b00000,0x0000000756b00000,0x0000000756e80000)
 ParOldGen       total 68608K, used 17519K [0x0000000600000000, 0x0000000604300000, 0x0000000755580000)
  object space 68608K, 25% used [0x0000000600000000,0x000000060111be68,0x0000000604300000)
 Metaspace       used 34574K, committed 35712K, reserved 1114112K
  class space    used 3589K, committed 4096K, reserved 1048576K
}
Event: 9.778 GC heap before
{Heap before GC invocations=14 (full 1):
 PSYoungGen      total 23552K, used 2974K [0x0000000755580000, 0x0000000757200000, 0x0000000800000000)
  eden space 22016K, 6% used [0x0000000755580000,0x00000007556e8ac8,0x0000000756b00000)
  from space 1536K, 99% used [0x0000000757000000,0x000000075717ed78,0x0000000757180000)
  to   space 3584K, 0% used [0x0000000756b00000,0x0000000756b00000,0x0000000756e80000)
 ParOldGen       total 68608K, used 17519K [0x0000000600000000, 0x0000000604300000, 0x0000000755580000)
  object space 68608K, 25% used [0x0000000600000000,0x000000060111be68,0x0000000604300000)
 Metaspace       used 34714K, committed 35840K, reserved 1114112K
  class space    used 3605K, committed 4096K, reserved 1048576K
}
Event: 9.780 GC heap after
{Heap after GC invocations=14 (full 1):
 PSYoungGen      total 25600K, used 320K [0x0000000755580000, 0x0000000757080000, 0x0000000800000000)
  eden space 22016K, 0% used [0x0000000755580000,0x0000000755580000,0x0000000756b00000)
  from space 3584K, 8% used [0x0000000756b00000,0x0000000756b50000,0x0000000756e80000)
  to   space 1536K, 0% used [0x0000000756f00000,0x0000000756f00000,0x0000000757080000)
 ParOldGen       total 68608K, used 18972K [0x0000000600000000, 0x0000000604300000, 0x0000000755580000)
  object space 68608K, 27% used [0x0000000600000000,0x0000000601287170,0x0000000604300000)
 Metaspace       used 34714K, committed 35840K, reserved 1114112K
  class space    used 3605K, committed 4096K, reserved 1048576K
}
Event: 9.780 GC heap before
{Heap before GC invocations=15 (full 2):
 PSYoungGen      total 25600K, used 320K [0x0000000755580000, 0x0000000757080000, 0x0000000800000000)
  eden space 22016K, 0% used [0x0000000755580000,0x0000000755580000,0x0000000756b00000)
  from space 3584K, 8% used [0x0000000756b00000,0x0000000756b50000,0x0000000756e80000)
  to   space 1536K, 0% used [0x0000000756f00000,0x0000000756f00000,0x0000000757080000)
 ParOldGen       total 68608K, used 18972K [0x0000000600000000, 0x0000000604300000, 0x0000000755580000)
  object space 68608K, 27% used [0x0000000600000000,0x0000000601287170,0x0000000604300000)
 Metaspace       used 34714K, committed 35840K, reserved 1114112K
  class space    used 3605K, committed 4096K, reserved 1048576K
}
Event: 9.821 GC heap after
{Heap after GC invocations=15 (full 2):
 PSYoungGen      total 25600K, used 0K [0x0000000755580000, 0x0000000757080000, 0x0000000800000000)
  eden space 22016K, 0% used [0x0000000755580000,0x0000000755580000,0x0000000756b00000)
  from space 3584K, 0% used [0x0000000756b00000,0x0000000756b00000,0x0000000756e80000)
  to   space 1536K, 0% used [0x0000000756f00000,0x0000000756f00000,0x0000000757080000)
 ParOldGen       total 68608K, used 18066K [0x0000000600000000, 0x0000000604300000, 0x0000000755580000)
  object space 68608K, 26% used [0x0000000600000000,0x00000006011a4a90,0x0000000604300000)
 Metaspace       used 34712K, committed 35840K, reserved 1114112K
  class space    used 3604K, committed 4096K, reserved 1048576K
}
Event: 10.003 GC heap before
{Heap before GC invocations=16 (full 2):
 PSYoungGen      total 25600K, used 22016K [0x0000000755580000, 0x0000000757080000, 0x0000000800000000)
  eden space 22016K, 100% used [0x0000000755580000,0x0000000756b00000,0x0000000756b00000)
  from space 3584K, 0% used [0x0000000756b00000,0x0000000756b00000,0x0000000756e80000)
  to   space 1536K, 0% used [0x0000000756f00000,0x0000000756f00000,0x0000000757080000)
 ParOldGen       total 68608K, used 18066K [0x0000000600000000, 0x0000000604300000, 0x0000000755580000)
  object space 68608K, 26% used [0x0000000600000000,0x00000006011a4a90,0x0000000604300000)
 Metaspace       used 36784K, committed 37952K, reserved 1114112K
  class space    used 3872K, committed 4416K, reserved 1048576K
}
Event: 10.005 GC heap after
{Heap after GC invocations=16 (full 2):
 PSYoungGen      total 23552K, used 1516K [0x0000000755580000, 0x0000000757100000, 0x0000000800000000)
  eden space 22016K, 0% used [0x0000000755580000,0x0000000755580000,0x0000000756b00000)
  from space 1536K, 98% used [0x0000000756f00000,0x000000075707b360,0x0000000757080000)
  to   space 3072K, 0% used [0x0000000756b00000,0x0000000756b00000,0x0000000756e00000)
 ParOldGen       total 68608K, used 18842K [0x0000000600000000, 0x0000000604300000, 0x0000000755580000)
  object space 68608K, 27% used [0x0000000600000000,0x0000000601266a90,0x0000000604300000)
 Metaspace       used 36784K, committed 37952K, reserved 1114112K
  class space    used 3872K, committed 4416K, reserved 1048576K
}

