# JRE version: OpenJDK Runtime Environment Temurin-21.0.12.1+1 (21.0.12.1+1) (build 21.0.12.1+1-LTS)
# Java VM: OpenJDK 64-Bit Server VM Temurin-21.0.12.1+1 (21.0.12.1+1-LTS, mixed mode, sharing, tiered, compressed oops, compressed class ptrs, parallel gc, windows-amd64)
GC Precious Log:
 CardTable entry size: 512
 CPUs: 12 total, 12 available
 Memory: 7916M
 Large Page Support: Disabled
 NUMA Support: Disabled
 Compressed Oops: Enabled (Zero based)
 Alignments: Space 512K, Generation 512K, Heap 2M
 Heap Min Capacity: 100M
 Heap Initial Capacity: 100M
 Heap Max Capacity: 8G
 Pre-touch: Disabled
 Parallel Workers: 10
Heap:
 PSYoungGen      total 20480K, used 11240K [0x0000000755580000, 0x0000000756c00000, 0x0000000800000000)
  eden space 19968K, 53% used [0x0000000755580000,0x0000000756001ac0,0x0000000756900000)
  from space 512K, 94% used [0x0000000756b00000,0x0000000756b78840,0x0000000756b80000)
  to   space 512K, 0% used [0x0000000756b80000,0x0000000756b80000,0x0000000756c00000)
 ParOldGen       total 68608K, used 31034K [0x0000000600000000, 0x0000000604300000, 0x0000000755580000)
  object space 68608K, 45% used [0x0000000600000000,0x0000000601e4ebb8,0x0000000604300000)
 Metaspace       used 40409K, committed 41408K, reserved 1114112K
  class space    used 4091K, committed 4480K, reserved 1048576K
GC Heap History (20 events):
Event: 7.904 GC heap before
{Heap before GC invocations=16 (full 1):
 PSYoungGen      total 22528K, used 22176K [0x0000000755580000, 0x0000000756f00000, 0x0000000800000000)
  eden space 19968K, 100% used [0x0000000755580000,0x0000000756900000,0x0000000756900000)
  from space 2560K, 86% used [0x0000000756c80000,0x0000000756ea8000,0x0000000756f00000)
  to   space 2560K, 0% used [0x0000000756900000,0x0000000756900000,0x0000000756b80000)
 ParOldGen       total 68608K, used 23118K [0x0000000600000000, 0x0000000604300000, 0x0000000755580000)
  object space 68608K, 33% used [0x0000000600000000,0x0000000601693b60,0x0000000604300000)
 Metaspace       used 32755K, committed 33792K, reserved 1114112K
  class space    used 3324K, committed 3776K, reserved 1048576K
}
Event: 7.908 GC heap after
{Heap after GC invocations=16 (full 1):
 PSYoungGen      total 22528K, used 2336K [0x0000000755580000, 0x0000000756e00000, 0x0000000800000000)
  eden space 19968K, 0% used [0x0000000755580000,0x0000000755580000,0x0000000756900000)
  from space 2560K, 91% used [0x0000000756900000,0x0000000756b48010,0x0000000756b80000)
  to   space 2560K, 0% used [0x0000000756b80000,0x0000000756b80000,0x0000000756e00000)
 ParOldGen       total 68608K, used 25150K [0x0000000600000000, 0x0000000604300000, 0x0000000755580000)
  object space 68608K, 36% used [0x0000000600000000,0x000000060188fb60,0x0000000604300000)
 Metaspace       used 32755K, committed 33792K, reserved 1114112K
  class space    used 3324K, committed 3776K, reserved 1048576K
}
Event: 8.031 GC heap before
{Heap before GC invocations=17 (full 1):
 PSYoungGen      total 22528K, used 22284K [0x0000000755580000, 0x0000000756e00000, 0x0000000800000000)
  eden space 19968K, 99% used [0x0000000755580000,0x00000007568fb380,0x0000000756900000)
  from space 2560K, 91% used [0x0000000756900000,0x0000000756b48010,0x0000000756b80000)
  to   space 2560K, 0% used [0x0000000756b80000,0x0000000756b80000,0x0000000756e00000)
 ParOldGen       total 68608K, used 25150K [0x0000000600000000, 0x0000000604300000, 0x0000000755580000)
  object space 68608K, 36% used [0x0000000600000000,0x000000060188fb60,0x0000000604300000)
 Metaspace       used 33094K, committed 34112K, reserved 1114112K
  class space    used 3373K, committed 3776K, reserved 1048576K
}
Event: 8.034 GC heap after
{Heap after GC invocations=17 (full 1):
 PSYoungGen      total 22528K, used 2013K [0x0000000755580000, 0x0000000756e00000, 0x0000000800000000)
  eden space 19968K, 0% used [0x0000000755580000,0x0000000755580000,0x0000000756900000)
  from space 2560K, 78% used [0x0000000756b80000,0x0000000756d77798,0x0000000756e00000)
  to   space 2560K, 0% used [0x0000000756900000,0x0000000756900000,0x0000000756b80000)
 ParOldGen       total 68608K, used 27342K [0x0000000600000000, 0x0000000604300000, 0x0000000755580000)
  object space 68608K, 39% used [0x0000000600000000,0x0000000601ab3b70,0x0000000604300000)
 Metaspace       used 33094K, committed 34112K, reserved 1114112K
  class space    used 3373K, committed 3776K, reserved 1048576K
}
Event: 8.399 GC heap before
{Heap before GC invocations=18 (full 1):
 PSYoungGen      total 22528K, used 11366K [0x0000000755580000, 0x0000000756e00000, 0x0000000800000000)
  eden space 19968K, 46% used [0x0000000755580000,0x0000000755ea2230,0x0000000756900000)
  from space 2560K, 78% used [0x0000000756b80000,0x0000000756d77798,0x0000000756e00000)
  to   space 2560K, 0% used [0x0000000756900000,0x0000000756900000,0x0000000756b80000)
 ParOldGen       total 68608K, used 27342K [0x0000000600000000, 0x0000000604300000, 0x0000000755580000)
  object space 68608K, 39% used [0x0000000600000000,0x0000000601ab3b70,0x0000000604300000)
 Metaspace       used 34828K, committed 35840K, reserved 1114112K
  class space    used 3555K, committed 3968K, reserved 1048576K
}
Event: 8.402 GC heap after
{Heap after GC invocations=18 (full 1):
 PSYoungGen      total 20992K, used 632K [0x0000000755580000, 0x0000000756c00000, 0x0000000800000000)
  eden space 19968K, 0% used [0x0000000755580000,0x0000000755580000,0x0000000756900000)
  from space 1024K, 61% used [0x0000000756900000,0x000000075699e2e8,0x0000000756a00000)
  to   space 1536K, 0% used [0x0000000756a80000,0x0000000756a80000,0x0000000756c00000)
 ParOldGen       total 68608K, used 29165K [0x0000000600000000, 0x0000000604300000, 0x0000000755580000)
  object space 68608K, 42% used [0x0000000600000000,0x0000000601c7b7d8,0x0000000604300000)
 Metaspace       used 34828K, committed 35840K, reserved 1114112K
  class space    used 3555K, committed 3968K, reserved 1048576K
}
Event: 8.402 GC heap before
{Heap before GC invocations=19 (full 2):
 PSYoungGen      total 20992K, used 632K [0x0000000755580000, 0x0000000756c00000, 0x0000000800000000)
  eden space 19968K, 0% used [0x0000000755580000,0x0000000755580000,0x0000000756900000)
  from space 1024K, 61% used [0x0000000756900000,0x000000075699e2e8,0x0000000756a00000)
  to   space 1536K, 0% used [0x0000000756a80000,0x0000000756a80000,0x0000000756c00000)
 ParOldGen       total 68608K, used 29165K [0x0000000600000000, 0x0000000604300000, 0x0000000755580000)
  object space 68608K, 42% used [0x0000000600000000,0x0000000601c7b7d8,0x0000000604300000)
 Metaspace       used 34828K, committed 35840K, reserved 1114112K
  class space    used 3555K, committed 3968K, reserved 1048576K
}
Event: 8.446 GC heap after
{Heap after GC invocations=19 (full 2):
 PSYoungGen      total 20992K, used 0K [0x0000000755580000, 0x0000000756c00000, 0x0000000800000000)
  eden space 19968K, 0% used [0x0000000755580000,0x0000000755580000,0x0000000756900000)
  from space 1024K, 0% used [0x0000000756900000,0x0000000756900000,0x0000000756a00000)
  to   space 1536K, 0% used [0x0000000756a80000,0x0000000756a80000,0x0000000756c00000)
 ParOldGen       total 68608K, used 28103K [0x0000000600000000, 0x0000000604300000, 0x0000000755580000)
  object space 68608K, 40% used [0x0000000600000000,0x0000000601b71d88,0x0000000604300000)
 Metaspace       used 34785K, committed 35840K, reserved 1114112K
  class space    used 3543K, committed 3968K, reserved 1048576K
}
Event: 9.112 GC heap before
{Heap before GC invocations=20 (full 2):
 PSYoungGen      total 20992K, used 19967K [0x0000000755580000, 0x0000000756c00000, 0x0000000800000000)
  eden space 19968K, 99% used [0x0000000755580000,0x00000007568ffe68,0x0000000756900000)
  from space 1024K, 0% used [0x0000000756900000,0x0000000756900000,0x0000000756a00000)
  to   space 1536K, 0% used [0x0000000756a80000,0x0000000756a80000,0x0000000756c00000)
 ParOldGen       total 68608K, used 28103K [0x0000000600000000, 0x0000000604300000, 0x0000000755580000)
  object space 68608K, 40% used [0x0000000600000000,0x0000000601b71d88,0x0000000604300000)
 Metaspace       used 35803K, committed 36864K, reserved 1114112K
  class space    used 3665K, committed 4096K, reserved 1048576K
}
Event: 9.113 GC heap after
{Heap after GC invocations=20 (full 2):
 PSYoungGen      total 20992K, used 576K [0x0000000755580000, 0x0000000756b80000, 0x0000000800000000)
  eden space 19968K, 0% used [0x0000000755580000,0x0000000755580000,0x0000000756900000)
  from space 1024K, 56% used [0x0000000756a80000,0x0000000756b10010,0x0000000756b80000)
  to   space 1024K, 0% used [0x0000000756900000,0x0000000756900000,0x0000000756a00000)
 ParOldGen       total 68608K, used 28111K [0x0000000600000000, 0x0000000604300000, 0x0000000755580000)
  object space 68608K, 40% used [0x0000000600000000,0x0000000601b73d88,0x0000000604300000)
 Metaspace       used 35803K, committed 36864K, reserved 1114112K
  class space    used 3665K, committed 4096K, reserved 1048576K
}
Event: 9.707 GC heap before
{Heap before GC invocations=21 (full 2):
 PSYoungGen      total 20992K, used 20544K [0x0000000755580000, 0x0000000756b80000, 0x0000000800000000)
  eden space 19968K, 100% used [0x0000000755580000,0x0000000756900000,0x0000000756900000)
  from space 1024K, 56% used [0x0000000756a80000,0x0000000756b10010,0x0000000756b80000)
  to   space 1024K, 0% used [0x0000000756900000,0x0000000756900000,0x0000000756a00000)
 ParOldGen       total 68608K, used 28111K [0x0000000600000000, 0x0000000604300000, 0x0000000755580000)
  object space 68608K, 40% used [0x0000000600000000,0x0000000601b73d88,0x0000000604300000)
 Metaspace       used 37447K, committed 38528K, reserved 1114112K
  class space    used 3841K, committed 4288K, reserved 1048576K
}
Event: 9.710 GC heap after
{Heap after GC invocations=21 (full 2):
 PSYoungGen      total 20992K, used 1024K [0x0000000755580000, 0x0000000756e00000, 0x0000000800000000)
  eden space 19968K, 0% used [0x0000000755580000,0x0000000755580000,0x0000000756900000)
  from space 1024K, 100% used [0x0000000756900000,0x0000000756a00000,0x0000000756a00000)
  to   space 2560K, 0% used [0x0000000756b80000,0x0000000756b80000,0x0000000756e00000)
 ParOldGen       total 68608K, used 29181K [0x0000000600000000, 0x0000000604300000, 0x0000000755580000)
  object space 68608K, 42% used [0x0000000600000000,0x0000000601c7f4b8,0x0000000604300000)
 Metaspace       used 37447K, committed 38528K, reserved 1114112K
  class space    used 3841K, committed 4288K, reserved 1048576K
}
Event: 10.067 GC heap before
{Heap before GC invocations=22 (full 2):
 PSYoungGen      total 20992K, used 20984K [0x0000000755580000, 0x0000000756e00000, 0x0000000800000000)
  eden space 19968K, 99% used [0x0000000755580000,0x00000007568fe2c0,0x0000000756900000)
  from space 1024K, 100% used [0x0000000756900000,0x0000000756a00000,0x0000000756a00000)
  to   space 2560K, 0% used [0x0000000756b80000,0x0000000756b80000,0x0000000756e00000)
 ParOldGen       total 68608K, used 29181K [0x0000000600000000, 0x0000000604300000, 0x0000000755580000)
  object space 68608K, 42% used [0x0000000600000000,0x0000000601c7f4b8,0x0000000604300000)
 Metaspace       used 38142K, committed 39104K, reserved 1114112K
  class space    used 3905K, committed 4288K, reserved 1048576K
}
Event: 10.070 GC heap after
{Heap after GC invocations=22 (full 2):
 PSYoungGen      total 20992K, used 517K [0x0000000755580000, 0x0000000756c80000, 0x0000000800000000)
  eden space 19968K, 0% used [0x0000000755580000,0x0000000755580000,0x0000000756900000)
  from space 1024K, 50% used [0x0000000756b80000,0x0000000756c01458,0x0000000756c80000)
  to   space 1536K, 0% used [0x0000000756980000,0x0000000756980000,0x0000000756b00000)
 ParOldGen       total 68608K, used 30229K [0x0000000600000000, 0x0000000604300000, 0x0000000755580000)
  object space 68608K, 44% used [0x0000000600000000,0x0000000601d854b8,0x0000000604300000)
 Metaspace       used 38142K, committed 39104K, reserved 1114112K
  class space    used 3905K, committed 4288K, reserved 1048576K
}
Event: 10.185 GC heap before
{Heap before GC invocations=23 (full 2):
 PSYoungGen      total 20992K, used 20485K [0x0000000755580000, 0x0000000756c80000, 0x0000000800000000)
  eden space 19968K, 100% used [0x0000000755580000,0x0000000756900000,0x0000000756900000)
  from space 1024K, 50% used [0x0000000756b80000,0x0000000756c01458,0x0000000756c80000)
  to   space 1536K, 0% used [0x0000000756980000,0x0000000756980000,0x0000000756b00000)
 ParOldGen       total 68608K, used 30229K [0x0000000600000000, 0x0000000604300000, 0x0000000755580000)
  object space 68608K, 44% used [0x0000000600000000,0x0000000601d854b8,0x0000000604300000)
 Metaspace       used 38191K, committed 39168K, reserved 1114112K
  class space    used 3905K, committed 4288K, reserved 1048576K
}
Event: 10.185 GC heap after
{Heap after GC invocations=23 (full 2):
 PSYoungGen      total 21504K, used 289K [0x0000000755580000, 0x0000000756c00000, 0x0000000800000000)
  eden space 19968K, 0% used [0x0000000755580000,0x0000000755580000,0x0000000756900000)
  from space 1536K, 18% used [0x0000000756980000,0x00000007569c8418,0x0000000756b00000)
  to   space 512K, 0% used [0x0000000756b80000,0x0000000756b80000,0x0000000756c00000)
 ParOldGen       total 68608K, used 30503K [0x0000000600000000, 0x0000000604300000, 0x0000000755580000)
  object space 68608K, 44% used [0x0000000600000000,0x0000000601dc9cd8,0x0000000604300000)
 Metaspace       used 38191K, committed 39168K, reserved 1114112K
  class space    used 3905K, committed 4288K, reserved 1048576K
}
Event: 10.215 GC heap before
{Heap before GC invocations=24 (full 2):
 PSYoungGen      total 21504K, used 20257K [0x0000000755580000, 0x0000000756c00000, 0x0000000800000000)
  eden space 19968K, 100% used [0x0000000755580000,0x0000000756900000,0x0000000756900000)
  from space 1536K, 18% used [0x0000000756980000,0x00000007569c8418,0x0000000756b00000)
  to   space 512K, 0% used [0x0000000756b80000,0x0000000756b80000,0x0000000756c00000)
 ParOldGen       total 68608K, used 30503K [0x0000000600000000, 0x0000000604300000, 0x0000000755580000)
  object space 68608K, 44% used [0x0000000600000000,0x0000000601dc9cd8,0x0000000604300000)
 Metaspace       used 38214K, committed 39168K, reserved 1114112K
  class space    used 3906K, committed 4288K, reserved 1048576K
}
Event: 10.216 GC heap after
{Heap after GC invocations=24 (full 2):
 PSYoungGen      total 20480K, used 288K [0x0000000755580000, 0x0000000756c00000, 0x0000000800000000)
  eden space 19968K, 0% used [0x0000000755580000,0x0000000755580000,0x0000000756900000)
  from space 512K, 56% used [0x0000000756b80000,0x0000000756bc8000,0x0000000756c00000)
  to   space 512K, 0% used [0x0000000756b00000,0x0000000756b00000,0x0000000756b80000)
 ParOldGen       total 68608K, used 30559K [0x0000000600000000, 0x0000000604300000, 0x0000000755580000)
  object space 68608K, 44% used [0x0000000600000000,0x0000000601dd7cd8,0x0000000604300000)
 Metaspace       used 38214K, committed 39168K, reserved 1114112K
  class space    used 3906K, committed 4288K, reserved 1048576K
}
Event: 10.613 GC heap before
{Heap before GC invocations=25 (full 2):
 PSYoungGen      total 20480K, used 20256K [0x0000000755580000, 0x0000000756c00000, 0x0000000800000000)
  eden space 19968K, 100% used [0x0000000755580000,0x0000000756900000,0x0000000756900000)
  from space 512K, 56% used [0x0000000756b80000,0x0000000756bc8000,0x0000000756c00000)
  to   space 512K, 0% used [0x0000000756b00000,0x0000000756b00000,0x0000000756b80000)
 ParOldGen       total 68608K, used 30559K [0x0000000600000000, 0x0000000604300000, 0x0000000755580000)
  object space 68608K, 44% used [0x0000000600000000,0x0000000601dd7cd8,0x0000000604300000)
 Metaspace       used 39255K, committed 40320K, reserved 1114112K
  class space    used 3971K, committed 4416K, reserved 1048576K
}
Event: 10.618 GC heap after
{Heap after GC invocations=25 (full 2):
 PSYoungGen      total 20480K, used 482K [0x0000000755580000, 0x0000000756c00000, 0x0000000800000000)
  eden space 19968K, 0% used [0x0000000755580000,0x0000000755580000,0x0000000756900000)
  from space 512K, 94% used [0x0000000756b00000,0x0000000756b78840,0x0000000756b80000)
  to   space 512K, 0% used [0x0000000756b80000,0x0000000756b80000,0x0000000756c00000)
 ParOldGen       total 68608K, used 31034K [0x0000000600000000, 0x0000000604300000, 0x0000000755580000)
  object space 68608K, 45% used [0x0000000600000000,0x0000000601e4ebb8,0x0000000604300000)
 Metaspace       used 39255K, committed 40320K, reserved 1114112K
  class space    used 3971K, committed 4416K, reserved 1048576K
}

