# JRE version: OpenJDK Runtime Environment Temurin-21.0.12.1+1 (21.0.12.1+1) (build 21.0.12.1+1-LTS)
# Java VM: OpenJDK 64-Bit Server VM Temurin-21.0.12.1+1 (21.0.12.1+1-LTS, mixed mode, sharing, tiered, compressed oops, compressed class ptrs, parallel gc, windows-amd64)
GC Precious Log:
 CardTable entry size: 512
 CPUs: 12 total, 12 available
 Memory: 7916M
 Large Page Support: Disabled
 NUMA Support: Disabled
 Compressed Oops: Enabled (Zero based)
 Alignments: Space 512K, Generation 512K, Heap 2M
 Heap Min Capacity: 100M
 Heap Initial Capacity: 100M
 Heap Max Capacity: 8G
 Pre-touch: Disabled
 Parallel Workers: 10
Heap:
 PSYoungGen      total 23552K, used 9499K [0x0000000755580000, 0x0000000756e80000, 0x0000000800000000)
  eden space 22016K, 38% used [0x0000000755580000,0x0000000755dc00a0,0x0000000756b00000)
  from space 1536K, 68% used [0x0000000756d00000,0x0000000756e06e68,0x0000000756e80000)
  to   space 1536K, 0% used [0x0000000756b00000,0x0000000756b00000,0x0000000756c80000)
 ParOldGen       total 68608K, used 36114K [0x0000000600000000, 0x0000000604300000, 0x0000000755580000)
  object space 68608K, 52% used [0x0000000600000000,0x0000000602344a00,0x0000000604300000)
 Metaspace       used 45689K, committed 46976K, reserved 1114112K
  class space    used 4869K, committed 5440K, reserved 1048576K
GC Heap History (20 events):
Event: 7.528 GC heap before
{Heap before GC invocations=15 (full 2):
 PSYoungGen      total 24576K, used 1536K [0x0000000755580000, 0x0000000756f80000, 0x0000000800000000)
  eden space 22528K, 0% used [0x0000000755580000,0x0000000755580000,0x0000000756b80000)
  from space 2048K, 75% used [0x0000000756c80000,0x0000000756e00010,0x0000000756e80000)
  to   space 1024K, 0% used [0x0000000756e80000,0x0000000756e80000,0x0000000756f80000)
 ParOldGen       total 68608K, used 19752K [0x0000000600000000, 0x0000000604300000, 0x0000000755580000)
  object space 68608K, 28% used [0x0000000600000000,0x000000060134a108,0x0000000604300000)
 Metaspace       used 34744K, committed 35840K, reserved 1114112K
  class space    used 3536K, committed 4032K, reserved 1048576K
}
Event: 7.565 GC heap after
{Heap after GC invocations=15 (full 2):
 PSYoungGen      total 24576K, used 0K [0x0000000755580000, 0x0000000756f80000, 0x0000000800000000)
  eden space 22528K, 0% used [0x0000000755580000,0x0000000755580000,0x0000000756b80000)
  from space 2048K, 0% used [0x0000000756c80000,0x0000000756c80000,0x0000000756e80000)
  to   space 1024K, 0% used [0x0000000756e80000,0x0000000756e80000,0x0000000756f80000)
 ParOldGen       total 68608K, used 20094K [0x0000000600000000, 0x0000000604300000, 0x0000000755580000)
  object space 68608K, 29% used [0x0000000600000000,0x000000060139f950,0x0000000604300000)
 Metaspace       used 34738K, committed 35840K, reserved 1114112K
  class space    used 3534K, committed 4032K, reserved 1048576K
}
Event: 7.698 GC heap before
{Heap before GC invocations=16 (full 2):
 PSYoungGen      total 24576K, used 22528K [0x0000000755580000, 0x0000000756f80000, 0x0000000800000000)
  eden space 22528K, 100% used [0x0000000755580000,0x0000000756b80000,0x0000000756b80000)
  from space 2048K, 0% used [0x0000000756c80000,0x0000000756c80000,0x0000000756e80000)
  to   space 1024K, 0% used [0x0000000756e80000,0x0000000756e80000,0x0000000756f80000)
 ParOldGen       total 68608K, used 20103K [0x0000000600000000, 0x0000000604300000, 0x0000000755580000)
  object space 68608K, 29% used [0x0000000600000000,0x00000006013a1ce8,0x0000000604300000)
 Metaspace       used 36284K, committed 37504K, reserved 1114112K
  class space    used 3749K, committed 4288K, reserved 1048576K
}
Event: 7.702 GC heap after
{Heap after GC invocations=16 (full 2):
 PSYoungGen      total 23040K, used 1009K [0x0000000755580000, 0x0000000757200000, 0x0000000800000000)
  eden space 22016K, 0% used [0x0000000755580000,0x0000000755580000,0x0000000756b00000)
  from space 1024K, 98% used [0x0000000756e80000,0x0000000756f7c400,0x0000000756f80000)
  to   space 3584K, 0% used [0x0000000756b00000,0x0000000756b00000,0x0000000756e80000)
 ParOldGen       total 68608K, used 22359K [0x0000000600000000, 0x0000000604300000, 0x0000000755580000)
  object space 68608K, 32% used [0x0000000600000000,0x00000006015d5cf8,0x0000000604300000)
 Metaspace       used 36284K, committed 37504K, reserved 1114112K
  class space    used 3749K, committed 4288K, reserved 1048576K
}
Event: 7.775 GC heap before
{Heap before GC invocations=17 (full 2):
 PSYoungGen      total 23040K, used 23025K [0x0000000755580000, 0x0000000757200000, 0x0000000800000000)
  eden space 22016K, 100% used [0x0000000755580000,0x0000000756b00000,0x0000000756b00000)
  from space 1024K, 98% used [0x0000000756e80000,0x0000000756f7c400,0x0000000756f80000)
  to   space 3584K, 0% used [0x0000000756b00000,0x0000000756b00000,0x0000000756e80000)
 ParOldGen       total 68608K, used 22359K [0x0000000600000000, 0x0000000604300000, 0x0000000755580000)
  object space 68608K, 32% used [0x0000000600000000,0x00000006015d5cf8,0x0000000604300000)
 Metaspace       used 37062K, committed 38272K, reserved 1114112K
  class space    used 3877K, committed 4416K, reserved 1048576K
}
Event: 7.779 GC heap after
{Heap after GC invocations=17 (full 2):
 PSYoungGen      total 24576K, used 2080K [0x0000000755580000, 0x0000000757000000, 0x0000000800000000)
  eden space 22016K, 0% used [0x0000000755580000,0x0000000755580000,0x0000000756b00000)
  from space 2560K, 81% used [0x0000000756b00000,0x0000000756d08010,0x0000000756d80000)
  to   space 2560K, 0% used [0x0000000756d80000,0x0000000756d80000,0x0000000757000000)
 ParOldGen       total 68608K, used 23355K [0x0000000600000000, 0x0000000604300000, 0x0000000755580000)
  object space 68608K, 34% used [0x0000000600000000,0x00000006016cedc8,0x0000000604300000)
 Metaspace       used 37062K, committed 38272K, reserved 1114112K
  class space    used 3877K, committed 4416K, reserved 1048576K
}
Event: 7.916 GC heap before
{Heap before GC invocations=18 (full 2):
 PSYoungGen      total 24576K, used 24096K [0x0000000755580000, 0x0000000757000000, 0x0000000800000000)
  eden space 22016K, 100% used [0x0000000755580000,0x0000000756b00000,0x0000000756b00000)
  from space 2560K, 81% used [0x0000000756b00000,0x0000000756d08010,0x0000000756d80000)
  to   space 2560K, 0% used [0x0000000756d80000,0x0000000756d80000,0x0000000757000000)
 ParOldGen       total 68608K, used 23355K [0x0000000600000000, 0x0000000604300000, 0x0000000755580000)
  object space 68608K, 34% used [0x0000000600000000,0x00000006016cef88,0x0000000604300000)
 Metaspace       used 38097K, committed 39360K, reserved 1114112K
  class space    used 4012K, committed 4544K, reserved 1048576K
}
Event: 7.920 GC heap after
{Heap after GC invocations=18 (full 2):
 PSYoungGen      total 24576K, used 2178K [0x0000000755580000, 0x0000000757000000, 0x0000000800000000)
  eden space 22016K, 0% used [0x0000000755580000,0x0000000755580000,0x0000000756b00000)
  from space 2560K, 85% used [0x0000000756d80000,0x0000000756fa0800,0x0000000757000000)
  to   space 2560K, 0% used [0x0000000756b00000,0x0000000756b00000,0x0000000756d80000)
 ParOldGen       total 68608K, used 25211K [0x0000000600000000, 0x0000000604300000, 0x0000000755580000)
  object space 68608K, 36% used [0x0000000600000000,0x000000060189ef98,0x0000000604300000)
 Metaspace       used 38097K, committed 39360K, reserved 1114112K
  class space    used 4012K, committed 4544K, reserved 1048576K
}
Event: 7.998 GC heap before
{Heap before GC invocations=19 (full 2):
 PSYoungGen      total 24576K, used 24194K [0x0000000755580000, 0x0000000757000000, 0x0000000800000000)
  eden space 22016K, 100% used [0x0000000755580000,0x0000000756b00000,0x0000000756b00000)
  from space 2560K, 85% used [0x0000000756d80000,0x0000000756fa0800,0x0000000757000000)
  to   space 2560K, 0% used [0x0000000756b00000,0x0000000756b00000,0x0000000756d80000)
 ParOldGen       total 68608K, used 25213K [0x0000000600000000, 0x0000000604300000, 0x0000000755580000)
  object space 68608K, 36% used [0x0000000600000000,0x000000060189f718,0x0000000604300000)
 Metaspace       used 38753K, committed 39936K, reserved 1114112K
  class space    used 4090K, committed 4608K, reserved 1048576K
}
Event: 8.002 GC heap after
{Heap after GC invocations=19 (full 2):
 PSYoungGen      total 24576K, used 2160K [0x0000000755580000, 0x0000000757000000, 0x0000000800000000)
  eden space 22016K, 0% used [0x0000000755580000,0x0000000755580000,0x0000000756b00000)
  from space 2560K, 84% used [0x0000000756b00000,0x0000000756d1c360,0x0000000756d80000)
  to   space 2560K, 0% used [0x0000000756d80000,0x0000000756d80000,0x0000000757000000)
 ParOldGen       total 68608K, used 27160K [0x0000000600000000, 0x0000000604300000, 0x0000000755580000)
  object space 68608K, 39% used [0x0000000600000000,0x0000000601a86108,0x0000000604300000)
 Metaspace       used 38753K, committed 39936K, reserved 1114112K
  class space    used 4090K, committed 4608K, reserved 1048576K
}
Event: 8.075 GC heap before
{Heap before GC invocations=20 (full 2):
 PSYoungGen      total 24576K, used 24176K [0x0000000755580000, 0x0000000757000000, 0x0000000800000000)
  eden space 22016K, 100% used [0x0000000755580000,0x0000000756b00000,0x0000000756b00000)
  from space 2560K, 84% used [0x0000000756b00000,0x0000000756d1c360,0x0000000756d80000)
  to   space 2560K, 0% used [0x0000000756d80000,0x0000000756d80000,0x0000000757000000)
 ParOldGen       total 68608K, used 27160K [0x0000000600000000, 0x0000000604300000, 0x0000000755580000)
  object space 68608K, 39% used [0x0000000600000000,0x0000000601a86108,0x0000000604300000)
 Metaspace       used 39037K, committed 40320K, reserved 1114112K
  class space    used 4128K, committed 4736K, reserved 1048576K
}
Event: 8.079 GC heap after
{Heap after GC invocations=20 (full 2):
 PSYoungGen      total 24576K, used 2176K [0x0000000755580000, 0x0000000757000000, 0x0000000800000000)
  eden space 22016K, 0% used [0x0000000755580000,0x0000000755580000,0x0000000756b00000)
  from space 2560K, 85% used [0x0000000756d80000,0x0000000756fa0000,0x0000000757000000)
  to   space 2560K, 0% used [0x0000000756b00000,0x0000000756b00000,0x0000000756d80000)
 ParOldGen       total 68608K, used 29173K [0x0000000600000000, 0x0000000604300000, 0x0000000755580000)
  object space 68608K, 42% used [0x0000000600000000,0x0000000601c7d588,0x0000000604300000)
 Metaspace       used 39037K, committed 40320K, reserved 1114112K
  class space    used 4128K, committed 4736K, reserved 1048576K
}
Event: 8.184 GC heap before
{Heap before GC invocations=21 (full 2):
 PSYoungGen      total 24576K, used 24192K [0x0000000755580000, 0x0000000757000000, 0x0000000800000000)
  eden space 22016K, 100% used [0x0000000755580000,0x0000000756b00000,0x0000000756b00000)
  from space 2560K, 85% used [0x0000000756d80000,0x0000000756fa0000,0x0000000757000000)
  to   space 2560K, 0% used [0x0000000756b00000,0x0000000756b00000,0x0000000756d80000)
 ParOldGen       total 68608K, used 29173K [0x0000000600000000, 0x0000000604300000, 0x0000000755580000)
  object space 68608K, 42% used [0x0000000600000000,0x0000000601c7d588,0x0000000604300000)
 Metaspace       used 39431K, committed 40640K, reserved 1114112K
  class space    used 4173K, committed 4736K, reserved 1048576K
}
Event: 8.188 GC heap after
{Heap after GC invocations=21 (full 2):
 PSYoungGen      total 24576K, used 2336K [0x0000000755580000, 0x0000000757000000, 0x0000000800000000)
  eden space 22016K, 0% used [0x0000000755580000,0x0000000755580000,0x0000000756b00000)
  from space 2560K, 91% used [0x0000000756b00000,0x0000000756d48010,0x0000000756d80000)
  to   space 2560K, 0% used [0x0000000756d80000,0x0000000756d80000,0x0000000757000000)
 ParOldGen       total 68608K, used 31165K [0x0000000600000000, 0x0000000604300000, 0x0000000755580000)
  object space 68608K, 45% used [0x0000000600000000,0x0000000601e6f588,0x0000000604300000)
 Metaspace       used 39431K, committed 40640K, reserved 1114112K
  class space    used 4173K, committed 4736K, reserved 1048576K
}
Event: 8.286 GC heap before
{Heap before GC invocations=22 (full 2):
 PSYoungGen      total 24576K, used 24352K [0x0000000755580000, 0x0000000757000000, 0x0000000800000000)
  eden space 22016K, 100% used [0x0000000755580000,0x0000000756b00000,0x0000000756b00000)
  from space 2560K, 91% used [0x0000000756b00000,0x0000000756d48010,0x0000000756d80000)
  to   space 2560K, 0% used [0x0000000756d80000,0x0000000756d80000,0x0000000757000000)
 ParOldGen       total 68608K, used 31165K [0x0000000600000000, 0x0000000604300000, 0x0000000755580000)
  object space 68608K, 45% used [0x0000000600000000,0x0000000601e6f588,0x0000000604300000)
 Metaspace       used 39791K, committed 41088K, reserved 1114112K
  class space    used 4219K, committed 4800K, reserved 1048576K
}
Event: 8.289 GC heap after
{Heap after GC invocations=22 (full 2):
 PSYoungGen      total 24576K, used 2014K [0x0000000755580000, 0x0000000757000000, 0x0000000800000000)
  eden space 22016K, 0% used [0x0000000755580000,0x0000000755580000,0x0000000756b00000)
  from space 2560K, 78% used [0x0000000756d80000,0x0000000756f77848,0x0000000757000000)
  to   space 2560K, 0% used [0x0000000756b00000,0x0000000756b00000,0x0000000756d80000)
 ParOldGen       total 68608K, used 33341K [0x0000000600000000, 0x0000000604300000, 0x0000000755580000)
  object space 68608K, 48% used [0x0000000600000000,0x000000060208f460,0x0000000604300000)
 Metaspace       used 39791K, committed 41088K, reserved 1114112K
  class space    used 4219K, committed 4800K, reserved 1048576K
}
Event: 8.471 GC heap before
{Heap before GC invocations=23 (full 2):
 PSYoungGen      total 24576K, used 24030K [0x0000000755580000, 0x0000000757000000, 0x0000000800000000)
  eden space 22016K, 100% used [0x0000000755580000,0x0000000756b00000,0x0000000756b00000)
  from space 2560K, 78% used [0x0000000756d80000,0x0000000756f77848,0x0000000757000000)
  to   space 2560K, 0% used [0x0000000756b00000,0x0000000756b00000,0x0000000756d80000)
 ParOldGen       total 68608K, used 33341K [0x0000000600000000, 0x0000000604300000, 0x0000000755580000)
  object space 68608K, 48% used [0x0000000600000000,0x000000060208f460,0x0000000604300000)
 Metaspace       used 41799K, committed 43072K, reserved 1114112K
  class space    used 4414K, committed 4992K, reserved 1048576K
}
Event: 8.474 GC heap after
{Heap after GC invocations=23 (full 2):
 PSYoungGen      total 23552K, used 1232K [0x0000000755580000, 0x0000000756f00000, 0x0000000800000000)
  eden space 22016K, 0% used [0x0000000755580000,0x0000000755580000,0x0000000756b00000)
  from space 1536K, 80% used [0x0000000756b00000,0x0000000756c34378,0x0000000756c80000)
  to   space 2048K, 0% used [0x0000000756d00000,0x0000000756d00000,0x0000000756f00000)
 ParOldGen       total 68608K, used 35101K [0x0000000600000000, 0x0000000604300000, 0x0000000755580000)
  object space 68608K, 51% used [0x0000000600000000,0x0000000602247660,0x0000000604300000)
 Metaspace       used 41799K, committed 43072K, reserved 1114112K
  class space    used 4414K, committed 4992K, reserved 1048576K
}
Event: 8.769 GC heap before
{Heap before GC invocations=24 (full 2):
 PSYoungGen      total 23552K, used 23248K [0x0000000755580000, 0x0000000756f00000, 0x0000000800000000)
  eden space 22016K, 100% used [0x0000000755580000,0x0000000756b00000,0x0000000756b00000)
  from space 1536K, 80% used [0x0000000756b00000,0x0000000756c34378,0x0000000756c80000)
  to   space 2048K, 0% used [0x0000000756d00000,0x0000000756d00000,0x0000000756f00000)
 ParOldGen       total 68608K, used 35101K [0x0000000600000000, 0x0000000604300000, 0x0000000755580000)
  object space 68608K, 51% used [0x0000000600000000,0x0000000602247660,0x0000000604300000)
 Metaspace       used 44430K, committed 45696K, reserved 1114112K
  class space    used 4730K, committed 5312K, reserved 1048576K
}
Event: 8.771 GC heap after
{Heap after GC invocations=24 (full 2):
 PSYoungGen      total 23552K, used 1051K [0x0000000755580000, 0x0000000756e80000, 0x0000000800000000)
  eden space 22016K, 0% used [0x0000000755580000,0x0000000755580000,0x0000000756b00000)
  from space 1536K, 68% used [0x0000000756d00000,0x0000000756e06e68,0x0000000756e80000)
  to   space 1536K, 0% used [0x0000000756b00000,0x0000000756b00000,0x0000000756c80000)
 ParOldGen       total 68608K, used 36114K [0x0000000600000000, 0x0000000604300000, 0x0000000755580000)
  object space 68608K, 52% used [0x0000000600000000,0x0000000602344a00,0x0000000604300000)
 Metaspace       used 44430K, committed 45696K, reserved 1114112K
  class space    used 4730K, committed 5312K, reserved 1048576K
}

