# JRE version: OpenJDK Runtime Environment Temurin-21.0.12.1+1 (21.0.12.1+1) (build 21.0.12.1+1-LTS)
# Java VM: OpenJDK 64-Bit Server VM Temurin-21.0.12.1+1 (21.0.12.1+1-LTS, mixed mode, sharing, tiered, compressed oops, compressed class ptrs, parallel gc, windows-amd64)
GC Precious Log:
 CardTable entry size: 512
 CPUs: 12 total, 12 available
 Memory: 7916M
 Large Page Support: Disabled
 NUMA Support: Disabled
 Compressed Oops: Enabled (Zero based)
 Alignments: Space 512K, Generation 512K, Heap 2M
 Heap Min Capacity: 100M
 Heap Initial Capacity: 100M
 Heap Max Capacity: 8G
 Pre-touch: Disabled
 Parallel Workers: 10
Heap:
 PSYoungGen      total 23552K, used 22440K [0x0000000755580000, 0x0000000756f80000, 0x0000000800000000)
  eden space 20480K, 94% used [0x0000000755580000,0x000000075686d438,0x0000000756980000)
  from space 3072K, 99% used [0x0000000756980000,0x0000000756c7cdf8,0x0000000756c80000)
  to   space 2560K, 0% used [0x0000000756d00000,0x0000000756d00000,0x0000000756f80000)
 ParOldGen       total 68608K, used 44395K [0x0000000600000000, 0x0000000604300000, 0x0000000755580000)
  object space 68608K, 64% used [0x0000000600000000,0x0000000602b5aed8,0x0000000604300000)
 Metaspace       used 56047K, committed 57408K, reserved 1114112K
  class space    used 5996K, committed 6592K, reserved 1048576K
GC Heap History (20 events):
Event: 9.268 GC heap before
{Heap before GC invocations=22 (full 2):
 PSYoungGen      total 23040K, used 22752K [0x0000000755580000, 0x0000000757000000, 0x0000000800000000)
  eden space 20992K, 100% used [0x0000000755580000,0x0000000756a00000,0x0000000756a00000)
  from space 2048K, 85% used [0x0000000756a00000,0x0000000756bb8000,0x0000000756c00000)
  to   space 3072K, 0% used [0x0000000756d00000,0x0000000756d00000,0x0000000757000000)
 ParOldGen       total 68608K, used 29687K [0x0000000600000000, 0x0000000604300000, 0x0000000755580000)
  object space 68608K, 43% used [0x0000000600000000,0x0000000601cfdd00,0x0000000604300000)
 Metaspace       used 40101K, committed 41216K, reserved 1114112K
  class space    used 4260K, committed 4800K, reserved 1048576K
}
Event: 9.272 GC heap after
{Heap after GC invocations=22 (full 2):
 PSYoungGen      total 23040K, used 1952K [0x0000000755580000, 0x0000000756f00000, 0x0000000800000000)
  eden space 20992K, 0% used [0x0000000755580000,0x0000000755580000,0x0000000756a00000)
  from space 2048K, 95% used [0x0000000756d00000,0x0000000756ee8010,0x0000000756f00000)
  to   space 2048K, 0% used [0x0000000756a00000,0x0000000756a00000,0x0000000756c00000)
 ParOldGen       total 68608K, used 31335K [0x0000000600000000, 0x0000000604300000, 0x0000000755580000)
  object space 68608K, 45% used [0x0000000600000000,0x0000000601e99d00,0x0000000604300000)
 Metaspace       used 40101K, committed 41216K, reserved 1114112K
  class space    used 4260K, committed 4800K, reserved 1048576K
}
Event: 9.391 GC heap before
{Heap before GC invocations=23 (full 2):
 PSYoungGen      total 23040K, used 22944K [0x0000000755580000, 0x0000000756f00000, 0x0000000800000000)
  eden space 20992K, 100% used [0x0000000755580000,0x0000000756a00000,0x0000000756a00000)
  from space 2048K, 95% used [0x0000000756d00000,0x0000000756ee8010,0x0000000756f00000)
  to   space 2048K, 0% used [0x0000000756a00000,0x0000000756a00000,0x0000000756c00000)
 ParOldGen       total 68608K, used 31335K [0x0000000600000000, 0x0000000604300000, 0x0000000755580000)
  object space 68608K, 45% used [0x0000000600000000,0x0000000601e99d00,0x0000000604300000)
 Metaspace       used 40643K, committed 41792K, reserved 1114112K
  class space    used 4335K, committed 4864K, reserved 1048576K
}
Event: 9.394 GC heap after
{Heap after GC invocations=23 (full 2):
 PSYoungGen      total 23040K, used 1728K [0x0000000755580000, 0x0000000756e00000, 0x0000000800000000)
  eden space 20992K, 0% used [0x0000000755580000,0x0000000755580000,0x0000000756a00000)
  from space 2048K, 84% used [0x0000000756a00000,0x0000000756bb0000,0x0000000756c00000)
  to   space 2048K, 0% used [0x0000000756c00000,0x0000000756c00000,0x0000000756e00000)
 ParOldGen       total 68608K, used 33119K [0x0000000600000000, 0x0000000604300000, 0x0000000755580000)
  object space 68608K, 48% used [0x0000000600000000,0x0000000602057d10,0x0000000604300000)
 Metaspace       used 40643K, committed 41792K, reserved 1114112K
  class space    used 4335K, committed 4864K, reserved 1048576K
}
Event: 9.536 GC heap before
{Heap before GC invocations=24 (full 2):
 PSYoungGen      total 23040K, used 22720K [0x0000000755580000, 0x0000000756e00000, 0x0000000800000000)
  eden space 20992K, 100% used [0x0000000755580000,0x0000000756a00000,0x0000000756a00000)
  from space 2048K, 84% used [0x0000000756a00000,0x0000000756bb0000,0x0000000756c00000)
  to   space 2048K, 0% used [0x0000000756c00000,0x0000000756c00000,0x0000000756e00000)
 ParOldGen       total 68608K, used 33119K [0x0000000600000000, 0x0000000604300000, 0x0000000755580000)
  object space 68608K, 48% used [0x0000000600000000,0x0000000602057d10,0x0000000604300000)
 Metaspace       used 42226K, committed 43392K, reserved 1114112K
  class space    used 4497K, committed 5056K, reserved 1048576K
}
Event: 9.538 GC heap after
{Heap after GC invocations=24 (full 2):
 PSYoungGen      total 23040K, used 1632K [0x0000000755580000, 0x0000000756e00000, 0x0000000800000000)
  eden space 20992K, 0% used [0x0000000755580000,0x0000000755580000,0x0000000756a00000)
  from space 2048K, 79% used [0x0000000756c00000,0x0000000756d98000,0x0000000756e00000)
  to   space 2048K, 0% used [0x0000000756a00000,0x0000000756a00000,0x0000000756c00000)
 ParOldGen       total 68608K, used 34703K [0x0000000600000000, 0x0000000604300000, 0x0000000755580000)
  object space 68608K, 50% used [0x0000000600000000,0x00000006021e3f10,0x0000000604300000)
 Metaspace       used 42226K, committed 43392K, reserved 1114112K
  class space    used 4497K, committed 5056K, reserved 1048576K
}
Event: 9.744 GC heap before
{Heap before GC invocations=25 (full 2):
 PSYoungGen      total 23040K, used 22624K [0x0000000755580000, 0x0000000756e00000, 0x0000000800000000)
  eden space 20992K, 100% used [0x0000000755580000,0x0000000756a00000,0x0000000756a00000)
  from space 2048K, 79% used [0x0000000756c00000,0x0000000756d98000,0x0000000756e00000)
  to   space 2048K, 0% used [0x0000000756a00000,0x0000000756a00000,0x0000000756c00000)
 ParOldGen       total 68608K, used 34703K [0x0000000600000000, 0x0000000604300000, 0x0000000755580000)
  object space 68608K, 50% used [0x0000000600000000,0x00000006021e3f10,0x0000000604300000)
 Metaspace       used 44870K, committed 46080K, reserved 1114112K
  class space    used 4798K, committed 5312K, reserved 1048576K
}
Event: 9.747 GC heap after
{Heap after GC invocations=25 (full 2):
 PSYoungGen      total 22528K, used 1035K [0x0000000755580000, 0x0000000756d00000, 0x0000000800000000)
  eden space 20992K, 0% used [0x0000000755580000,0x0000000755580000,0x0000000756a00000)
  from space 1536K, 67% used [0x0000000756a00000,0x0000000756b02e58,0x0000000756b80000)
  to   space 1536K, 0% used [0x0000000756b80000,0x0000000756b80000,0x0000000756d00000)
 ParOldGen       total 68608K, used 36143K [0x0000000600000000, 0x0000000604300000, 0x0000000755580000)
  object space 68608K, 52% used [0x0000000600000000,0x000000060234bf48,0x0000000604300000)
 Metaspace       used 44870K, committed 46080K, reserved 1114112K
  class space    used 4798K, committed 5312K, reserved 1048576K
}
Event: 10.074 GC heap before
{Heap before GC invocations=26 (full 2):
 PSYoungGen      total 22528K, used 22027K [0x0000000755580000, 0x0000000756d00000, 0x0000000800000000)
  eden space 20992K, 100% used [0x0000000755580000,0x0000000756a00000,0x0000000756a00000)
  from space 1536K, 67% used [0x0000000756a00000,0x0000000756b02e58,0x0000000756b80000)
  to   space 1536K, 0% used [0x0000000756b80000,0x0000000756b80000,0x0000000756d00000)
 ParOldGen       total 68608K, used 36143K [0x0000000600000000, 0x0000000604300000, 0x0000000755580000)
  object space 68608K, 52% used [0x0000000600000000,0x000000060234bf48,0x0000000604300000)
 Metaspace       used 47240K, committed 48448K, reserved 1114112K
  class space    used 5104K, committed 5632K, reserved 1048576K
}
Event: 10.076 GC heap after
{Heap after GC invocations=26 (full 2):
 PSYoungGen      total 22016K, used 1460K [0x0000000755580000, 0x0000000756e00000, 0x0000000800000000)
  eden space 20480K, 0% used [0x0000000755580000,0x0000000755580000,0x0000000756980000)
  from space 1536K, 95% used [0x0000000756b80000,0x0000000756ced028,0x0000000756d00000)
  to   space 2048K, 0% used [0x0000000756980000,0x0000000756980000,0x0000000756b80000)
 ParOldGen       total 68608K, used 36978K [0x0000000600000000, 0x0000000604300000, 0x0000000755580000)
  object space 68608K, 53% used [0x0000000600000000,0x000000060241c818,0x0000000604300000)
 Metaspace       used 47240K, committed 48448K, reserved 1114112K
  class space    used 5104K, committed 5632K, reserved 1048576K
}
Event: 10.341 GC heap before
{Heap before GC invocations=27 (full 2):
 PSYoungGen      total 22016K, used 21940K [0x0000000755580000, 0x0000000756e00000, 0x0000000800000000)
  eden space 20480K, 100% used [0x0000000755580000,0x0000000756980000,0x0000000756980000)
  from space 1536K, 95% used [0x0000000756b80000,0x0000000756ced028,0x0000000756d00000)
  to   space 2048K, 0% used [0x0000000756980000,0x0000000756980000,0x0000000756b80000)
 ParOldGen       total 68608K, used 36978K [0x0000000600000000, 0x0000000604300000, 0x0000000755580000)
  object space 68608K, 53% used [0x0000000600000000,0x000000060241c818,0x0000000604300000)
 Metaspace       used 48664K, committed 49856K, reserved 1114112K
  class space    used 5336K, committed 5888K, reserved 1048576K
}
Event: 10.343 GC heap after
{Heap after GC invocations=27 (full 2):
 PSYoungGen      total 21504K, used 832K [0x0000000755580000, 0x0000000756c80000, 0x0000000800000000)
  eden space 20480K, 0% used [0x0000000755580000,0x0000000755580000,0x0000000756980000)
  from space 1024K, 81% used [0x0000000756980000,0x0000000756a50000,0x0000000756a80000)
  to   space 1536K, 0% used [0x0000000756b00000,0x0000000756b00000,0x0000000756c80000)
 ParOldGen       total 68608K, used 38183K [0x0000000600000000, 0x0000000604300000, 0x0000000755580000)
  object space 68608K, 55% used [0x0000000600000000,0x0000000602549e38,0x0000000604300000)
 Metaspace       used 48664K, committed 49856K, reserved 1114112K
  class space    used 5336K, committed 5888K, reserved 1048576K
}
Event: 10.704 GC heap before
{Heap before GC invocations=28 (full 2):
 PSYoungGen      total 21504K, used 21312K [0x0000000755580000, 0x0000000756c80000, 0x0000000800000000)
  eden space 20480K, 100% used [0x0000000755580000,0x0000000756980000,0x0000000756980000)
  from space 1024K, 81% used [0x0000000756980000,0x0000000756a50000,0x0000000756a80000)
  to   space 1536K, 0% used [0x0000000756b00000,0x0000000756b00000,0x0000000756c80000)
 ParOldGen       total 68608K, used 38183K [0x0000000600000000, 0x0000000604300000, 0x0000000755580000)
  object space 68608K, 55% used [0x0000000600000000,0x0000000602549e38,0x0000000604300000)
 Metaspace       used 50217K, committed 51392K, reserved 1114112K
  class space    used 5501K, committed 6016K, reserved 1048576K
}
Event: 10.706 GC heap after
{Heap after GC invocations=28 (full 2):
 PSYoungGen      total 21504K, used 832K [0x0000000755580000, 0x0000000756c00000, 0x0000000800000000)
  eden space 20480K, 0% used [0x0000000755580000,0x0000000755580000,0x0000000756980000)
  from space 1024K, 81% used [0x0000000756b00000,0x0000000756bd0000,0x0000000756c00000)
  to   space 1024K, 0% used [0x0000000756980000,0x0000000756980000,0x0000000756a80000)
 ParOldGen       total 68608K, used 38823K [0x0000000600000000, 0x0000000604300000, 0x0000000755580000)
  object space 68608K, 56% used [0x0000000600000000,0x00000006025e9e38,0x0000000604300000)
 Metaspace       used 50217K, committed 51392K, reserved 1114112K
  class space    used 5501K, committed 6016K, reserved 1048576K
}
Event: 11.276 GC heap before
{Heap before GC invocations=29 (full 2):
 PSYoungGen      total 21504K, used 21312K [0x0000000755580000, 0x0000000756c00000, 0x0000000800000000)
  eden space 20480K, 100% used [0x0000000755580000,0x0000000756980000,0x0000000756980000)
  from space 1024K, 81% used [0x0000000756b00000,0x0000000756bd0000,0x0000000756c00000)
  to   space 1024K, 0% used [0x0000000756980000,0x0000000756980000,0x0000000756a80000)
 ParOldGen       total 68608K, used 38823K [0x0000000600000000, 0x0000000604300000, 0x0000000755580000)
  object space 68608K, 56% used [0x0000000600000000,0x00000006025e9e38,0x0000000604300000)
 Metaspace       used 52701K, committed 53952K, reserved 1114112K
  class space    used 5716K, committed 6272K, reserved 1048576K
}
Event: 11.278 GC heap after
{Heap after GC invocations=29 (full 2):
 PSYoungGen      total 21504K, used 1017K [0x0000000755580000, 0x0000000757080000, 0x0000000800000000)
  eden space 20480K, 0% used [0x0000000755580000,0x0000000755580000,0x0000000756980000)
  from space 1024K, 99% used [0x0000000756980000,0x0000000756a7e5f8,0x0000000756a80000)
  to   space 3584K, 0% used [0x0000000756d00000,0x0000000756d00000,0x0000000757080000)
 ParOldGen       total 68608K, used 40874K [0x0000000600000000, 0x0000000604300000, 0x0000000755580000)
  object space 68608K, 59% used [0x0000000600000000,0x00000006027eaa80,0x0000000604300000)
 Metaspace       used 52701K, committed 53952K, reserved 1114112K
  class space    used 5716K, committed 6272K, reserved 1048576K
}
Event: 11.577 GC heap before
{Heap before GC invocations=30 (full 2):
 PSYoungGen      total 21504K, used 21497K [0x0000000755580000, 0x0000000757080000, 0x0000000800000000)
  eden space 20480K, 100% used [0x0000000755580000,0x0000000756980000,0x0000000756980000)
  from space 1024K, 99% used [0x0000000756980000,0x0000000756a7e5f8,0x0000000756a80000)
  to   space 3584K, 0% used [0x0000000756d00000,0x0000000756d00000,0x0000000757080000)
 ParOldGen       total 68608K, used 40874K [0x0000000600000000, 0x0000000604300000, 0x0000000755580000)
  object space 68608K, 59% used [0x0000000600000000,0x00000006027eaa80,0x0000000604300000)
 Metaspace       used 53856K, committed 55104K, reserved 1114112K
  class space    used 5845K, committed 6400K, reserved 1048576K
}
Event: 11.581 GC heap after
{Heap after GC invocations=30 (full 2):
 PSYoungGen      total 23040K, used 2374K [0x0000000755580000, 0x0000000756f80000, 0x0000000800000000)
  eden space 20480K, 0% used [0x0000000755580000,0x0000000755580000,0x0000000756980000)
  from space 2560K, 92% used [0x0000000756d00000,0x0000000756f51818,0x0000000756f80000)
  to   space 3072K, 0% used [0x0000000756980000,0x0000000756980000,0x0000000756c80000)
 ParOldGen       total 68608K, used 41812K [0x0000000600000000, 0x0000000604300000, 0x0000000755580000)
  object space 68608K, 60% used [0x0000000600000000,0x00000006028d53e8,0x0000000604300000)
 Metaspace       used 53856K, committed 55104K, reserved 1114112K
  class space    used 5845K, committed 6400K, reserved 1048576K
}
Event: 12.021 GC heap before
{Heap before GC invocations=31 (full 2):
 PSYoungGen      total 23040K, used 22854K [0x0000000755580000, 0x0000000756f80000, 0x0000000800000000)
  eden space 20480K, 100% used [0x0000000755580000,0x0000000756980000,0x0000000756980000)
  from space 2560K, 92% used [0x0000000756d00000,0x0000000756f51818,0x0000000756f80000)
  to   space 3072K, 0% used [0x0000000756980000,0x0000000756980000,0x0000000756c80000)
 ParOldGen       total 68608K, used 41812K [0x0000000600000000, 0x0000000604300000, 0x0000000755580000)
  object space 68608K, 60% used [0x0000000600000000,0x00000006028d53e8,0x0000000604300000)
 Metaspace       used 54934K, committed 56192K, reserved 1114112K
  class space    used 5934K, committed 6464K, reserved 1048576K
}
Event: 12.024 GC heap after
{Heap after GC invocations=31 (full 2):
 PSYoungGen      total 23552K, used 3059K [0x0000000755580000, 0x0000000756f80000, 0x0000000800000000)
  eden space 20480K, 0% used [0x0000000755580000,0x0000000755580000,0x0000000756980000)
  from space 3072K, 99% used [0x0000000756980000,0x0000000756c7cdf8,0x0000000756c80000)
  to   space 2560K, 0% used [0x0000000756d00000,0x0000000756d00000,0x0000000756f80000)
 ParOldGen       total 68608K, used 44395K [0x0000000600000000, 0x0000000604300000, 0x0000000755580000)
  object space 68608K, 64% used [0x0000000600000000,0x0000000602b5aed8,0x0000000604300000)
 Metaspace       used 54934K, committed 56192K, reserved 1114112K
  class space    used 5934K, committed 6464K, reserved 1048576K
}

