# JRE version: OpenJDK Runtime Environment Temurin-21.0.12.1+1 (21.0.12.1+1) (build 21.0.12.1+1-LTS)
# Java VM: OpenJDK 64-Bit Server VM Temurin-21.0.12.1+1 (21.0.12.1+1-LTS, mixed mode, sharing, tiered, compressed oops, compressed class ptrs, parallel gc, windows-amd64)
GC Precious Log:
 CardTable entry size: 512
 CPUs: 12 total, 12 available
 Memory: 7916M
 Large Page Support: Disabled
 NUMA Support: Disabled
 Compressed Oops: Enabled (Zero based)
 Alignments: Space 512K, Generation 512K, Heap 2M
 Heap Min Capacity: 100M
 Heap Initial Capacity: 100M
 Heap Max Capacity: 8G
 Pre-touch: Disabled
 Parallel Workers: 10
Heap:
 PSYoungGen      total 16896K, used 1981K [0x0000000755580000, 0x0000000756880000, 0x0000000800000000)
  eden space 15360K, 3% used [0x0000000755580000,0x0000000755609708,0x0000000756480000)
  from space 1536K, 93% used [0x0000000756680000,0x00000007567e5df8,0x0000000756800000)
  to   space 2048K, 0% used [0x0000000756480000,0x0000000756480000,0x0000000756680000)
 ParOldGen       total 68608K, used 57062K [0x0000000600000000, 0x0000000604300000, 0x0000000755580000)
  object space 68608K, 83% used [0x0000000600000000,0x00000006037b9958,0x0000000604300000)
 Metaspace       used 66393K, committed 67904K, reserved 1114112K
  class space    used 6972K, committed 7616K, reserved 1048576K
GC Heap History (20 events):
Event: 36.470 GC heap before
{Heap before GC invocations=38 (full 3):
 PSYoungGen      total 17920K, used 17408K [0x0000000755580000, 0x0000000756a80000, 0x0000000800000000)
  eden space 17408K, 100% used [0x0000000755580000,0x0000000756680000,0x0000000756680000)
  from space 512K, 0% used [0x0000000756a00000,0x0000000756a00000,0x0000000756a80000)
  to   space 1536K, 0% used [0x0000000756780000,0x0000000756780000,0x0000000756900000)
 ParOldGen       total 68608K, used 41456K [0x0000000600000000, 0x0000000604300000, 0x0000000755580000)
  object space 68608K, 60% used [0x0000000600000000,0x000000060287c2d0,0x0000000604300000)
 Metaspace       used 59679K, committed 61120K, reserved 1114112K
  class space    used 6420K, committed 7040K, reserved 1048576K
}
Event: 36.473 GC heap after
{Heap after GC invocations=38 (full 3):
 PSYoungGen      total 18944K, used 1504K [0x0000000755580000, 0x0000000756e80000, 0x0000000800000000)
  eden space 17408K, 0% used [0x0000000755580000,0x0000000755580000,0x0000000756680000)
  from space 1536K, 97% used [0x0000000756780000,0x00000007568f8048,0x0000000756900000)
  to   space 4096K, 0% used [0x0000000756a80000,0x0000000756a80000,0x0000000756e80000)
 ParOldGen       total 68608K, used 43121K [0x0000000600000000, 0x0000000604300000, 0x0000000755580000)
  object space 68608K, 62% used [0x0000000600000000,0x0000000602a1c578,0x0000000604300000)
 Metaspace       used 59679K, committed 61120K, reserved 1114112K
  class space    used 6420K, committed 7040K, reserved 1048576K
}
Event: 36.753 GC heap before
{Heap before GC invocations=39 (full 3):
 PSYoungGen      total 18944K, used 18912K [0x0000000755580000, 0x0000000756e80000, 0x0000000800000000)
  eden space 17408K, 100% used [0x0000000755580000,0x0000000756680000,0x0000000756680000)
  from space 1536K, 97% used [0x0000000756780000,0x00000007568f8048,0x0000000756900000)
  to   space 4096K, 0% used [0x0000000756a80000,0x0000000756a80000,0x0000000756e80000)
 ParOldGen       total 68608K, used 43121K [0x0000000600000000, 0x0000000604300000, 0x0000000755580000)
  object space 68608K, 62% used [0x0000000600000000,0x0000000602a1c578,0x0000000604300000)
 Metaspace       used 61039K, committed 62464K, reserved 1114112K
  class space    used 6532K, committed 7104K, reserved 1048576K
}
Event: 36.756 GC heap after
{Heap after GC invocations=39 (full 3):
 PSYoungGen      total 21504K, used 3688K [0x0000000755580000, 0x0000000756e80000, 0x0000000800000000)
  eden space 17408K, 0% used [0x0000000755580000,0x0000000755580000,0x0000000756680000)
  from space 4096K, 90% used [0x0000000756a80000,0x0000000756e1a308,0x0000000756e80000)
  to   space 4096K, 0% used [0x0000000756680000,0x0000000756680000,0x0000000756a80000)
 ParOldGen       total 68608K, used 44641K [0x0000000600000000, 0x0000000604300000, 0x0000000755580000)
  object space 68608K, 65% used [0x0000000600000000,0x0000000602b987e0,0x0000000604300000)
 Metaspace       used 61039K, committed 62464K, reserved 1114112K
  class space    used 6532K, committed 7104K, reserved 1048576K
}
Event: 36.910 GC heap before
{Heap before GC invocations=40 (full 3):
 PSYoungGen      total 21504K, used 20042K [0x0000000755580000, 0x0000000756e80000, 0x0000000800000000)
  eden space 17408K, 93% used [0x0000000755580000,0x00000007565788c8,0x0000000756680000)
  from space 4096K, 90% used [0x0000000756a80000,0x0000000756e1a308,0x0000000756e80000)
  to   space 4096K, 0% used [0x0000000756680000,0x0000000756680000,0x0000000756a80000)
 ParOldGen       total 68608K, used 44641K [0x0000000600000000, 0x0000000604300000, 0x0000000755580000)
  object space 68608K, 65% used [0x0000000600000000,0x0000000602b987e0,0x0000000604300000)
 Metaspace       used 61761K, committed 63168K, reserved 1114112K
  class space    used 6590K, committed 7168K, reserved 1048576K
}
Event: 36.912 GC heap after
{Heap after GC invocations=40 (full 3):
 PSYoungGen      total 19968K, used 2557K [0x0000000755580000, 0x0000000756c80000, 0x0000000800000000)
  eden space 17408K, 0% used [0x0000000755580000,0x0000000755580000,0x0000000756680000)
  from space 2560K, 99% used [0x0000000756680000,0x00000007568ff688,0x0000000756900000)
  to   space 3072K, 0% used [0x0000000756980000,0x0000000756980000,0x0000000756c80000)
 ParOldGen       total 68608K, used 46316K [0x0000000600000000, 0x0000000604300000, 0x0000000755580000)
  object space 68608K, 67% used [0x0000000600000000,0x0000000602d3b200,0x0000000604300000)
 Metaspace       used 61761K, committed 63168K, reserved 1114112K
  class space    used 6590K, committed 7168K, reserved 1048576K
}
Event: 37.027 GC heap before
{Heap before GC invocations=41 (full 3):
 PSYoungGen      total 19968K, used 19965K [0x0000000755580000, 0x0000000756c80000, 0x0000000800000000)
  eden space 17408K, 100% used [0x0000000755580000,0x0000000756680000,0x0000000756680000)
  from space 2560K, 99% used [0x0000000756680000,0x00000007568ff688,0x0000000756900000)
  to   space 3072K, 0% used [0x0000000756980000,0x0000000756980000,0x0000000756c80000)
 ParOldGen       total 68608K, used 46316K [0x0000000600000000, 0x0000000604300000, 0x0000000755580000)
  object space 68608K, 67% used [0x0000000600000000,0x0000000602d3b200,0x0000000604300000)
 Metaspace       used 62273K, committed 63680K, reserved 1114112K
  class space    used 6635K, committed 7232K, reserved 1048576K
}
Event: 37.030 GC heap after
{Heap after GC invocations=41 (full 3):
 PSYoungGen      total 19968K, used 2365K [0x0000000755580000, 0x0000000756c00000, 0x0000000800000000)
  eden space 17408K, 0% used [0x0000000755580000,0x0000000755580000,0x0000000756680000)
  from space 2560K, 92% used [0x0000000756980000,0x0000000756bcf698,0x0000000756c00000)
  to   space 2560K, 0% used [0x0000000756680000,0x0000000756680000,0x0000000756900000)
 ParOldGen       total 68608K, used 47921K [0x0000000600000000, 0x0000000604300000, 0x0000000755580000)
  object space 68608K, 69% used [0x0000000600000000,0x0000000602ecc690,0x0000000604300000)
 Metaspace       used 62273K, committed 63680K, reserved 1114112K
  class space    used 6635K, committed 7232K, reserved 1048576K
}
Event: 37.355 GC heap before
{Heap before GC invocations=42 (full 3):
 PSYoungGen      total 19968K, used 19773K [0x0000000755580000, 0x0000000756c00000, 0x0000000800000000)
  eden space 17408K, 99% used [0x0000000755580000,0x000000075667ffe8,0x0000000756680000)
  from space 2560K, 92% used [0x0000000756980000,0x0000000756bcf698,0x0000000756c00000)
  to   space 2560K, 0% used [0x0000000756680000,0x0000000756680000,0x0000000756900000)
 ParOldGen       total 68608K, used 47921K [0x0000000600000000, 0x0000000604300000, 0x0000000755580000)
  object space 68608K, 69% used [0x0000000600000000,0x0000000602ecc690,0x0000000604300000)
 Metaspace       used 63435K, committed 64896K, reserved 1114112K
  class space    used 6735K, committed 7360K, reserved 1048576K
}
Event: 37.359 GC heap after
{Heap after GC invocations=42 (full 3):
 PSYoungGen      total 19456K, used 1742K [0x0000000755580000, 0x0000000756a80000, 0x0000000800000000)
  eden space 17408K, 0% used [0x0000000755580000,0x0000000755580000,0x0000000756680000)
  from space 2048K, 85% used [0x0000000756680000,0x0000000756833be0,0x0000000756880000)
  to   space 2048K, 0% used [0x0000000756880000,0x0000000756880000,0x0000000756a80000)
 ParOldGen       total 68608K, used 49503K [0x0000000600000000, 0x0000000604300000, 0x0000000755580000)
  object space 68608K, 72% used [0x0000000600000000,0x0000000603057fb0,0x0000000604300000)
 Metaspace       used 63435K, committed 64896K, reserved 1114112K
  class space    used 6735K, committed 7360K, reserved 1048576K
}
Event: 37.526 GC heap before
{Heap before GC invocations=43 (full 3):
 PSYoungGen      total 19456K, used 19150K [0x0000000755580000, 0x0000000756a80000, 0x0000000800000000)
  eden space 17408K, 100% used [0x0000000755580000,0x0000000756680000,0x0000000756680000)
  from space 2048K, 85% used [0x0000000756680000,0x0000000756833be0,0x0000000756880000)
  to   space 2048K, 0% used [0x0000000756880000,0x0000000756880000,0x0000000756a80000)
 ParOldGen       total 68608K, used 49503K [0x0000000600000000, 0x0000000604300000, 0x0000000755580000)
  object space 68608K, 72% used [0x0000000600000000,0x0000000603057fb0,0x0000000604300000)
 Metaspace       used 64122K, committed 65536K, reserved 1114112K
  class space    used 6782K, committed 7360K, reserved 1048576K
}
Event: 37.530 GC heap after
{Heap after GC invocations=43 (full 3):
 PSYoungGen      total 17408K, used 2019K [0x0000000755580000, 0x0000000756e80000, 0x0000000800000000)
  eden space 15360K, 0% used [0x0000000755580000,0x0000000755580000,0x0000000756480000)
  from space 2048K, 98% used [0x0000000756880000,0x0000000756a78d00,0x0000000756a80000)
  to   space 4096K, 0% used [0x0000000756480000,0x0000000756480000,0x0000000756880000)
 ParOldGen       total 68608K, used 51139K [0x0000000600000000, 0x0000000604300000, 0x0000000755580000)
  object space 68608K, 74% used [0x0000000600000000,0x00000006031f0d60,0x0000000604300000)
 Metaspace       used 64122K, committed 65536K, reserved 1114112K
  class space    used 6782K, committed 7360K, reserved 1048576K
}
Event: 37.812 GC heap before
{Heap before GC invocations=44 (full 3):
 PSYoungGen      total 17408K, used 17379K [0x0000000755580000, 0x0000000756e80000, 0x0000000800000000)
  eden space 15360K, 100% used [0x0000000755580000,0x0000000756480000,0x0000000756480000)
  from space 2048K, 98% used [0x0000000756880000,0x0000000756a78d00,0x0000000756a80000)
  to   space 4096K, 0% used [0x0000000756480000,0x0000000756480000,0x0000000756880000)
 ParOldGen       total 68608K, used 51139K [0x0000000600000000, 0x0000000604300000, 0x0000000755580000)
  object space 68608K, 74% used [0x0000000600000000,0x00000006031f0d60,0x0000000604300000)
 Metaspace       used 65112K, committed 66560K, reserved 1114112K
  class space    used 6875K, committed 7488K, reserved 1048576K
}
Event: 37.816 GC heap after
{Heap after GC invocations=44 (full 3):
 PSYoungGen      total 17920K, used 2066K [0x0000000755580000, 0x0000000756a80000, 0x0000000800000000)
  eden space 15360K, 0% used [0x0000000755580000,0x0000000755580000,0x0000000756480000)
  from space 2560K, 80% used [0x0000000756480000,0x0000000756684828,0x0000000756700000)
  to   space 3072K, 0% used [0x0000000756780000,0x0000000756780000,0x0000000756a80000)
 ParOldGen       total 68608K, used 53062K [0x0000000600000000, 0x0000000604300000, 0x0000000755580000)
  object space 68608K, 77% used [0x0000000600000000,0x00000006033d1bd8,0x0000000604300000)
 Metaspace       used 65112K, committed 66560K, reserved 1114112K
  class space    used 6875K, committed 7488K, reserved 1048576K
}
Event: 38.276 GC heap before
{Heap before GC invocations=45 (full 3):
 PSYoungGen      total 17920K, used 17426K [0x0000000755580000, 0x0000000756a80000, 0x0000000800000000)
  eden space 15360K, 100% used [0x0000000755580000,0x0000000756480000,0x0000000756480000)
  from space 2560K, 80% used [0x0000000756480000,0x0000000756684828,0x0000000756700000)
  to   space 3072K, 0% used [0x0000000756780000,0x0000000756780000,0x0000000756a80000)
 ParOldGen       total 68608K, used 53062K [0x0000000600000000, 0x0000000604300000, 0x0000000755580000)
  object space 68608K, 77% used [0x0000000600000000,0x00000006033d1bd8,0x0000000604300000)
 Metaspace       used 65774K, committed 67264K, reserved 1114112K
  class space    used 6915K, committed 7552K, reserved 1048576K
}
Event: 38.279 GC heap after
{Heap after GC invocations=45 (full 3):
 PSYoungGen      total 18432K, used 2505K [0x0000000755580000, 0x0000000756a80000, 0x0000000800000000)
  eden space 15360K, 0% used [0x0000000755580000,0x0000000755580000,0x0000000756480000)
  from space 3072K, 81% used [0x0000000756780000,0x00000007569f24c0,0x0000000756a80000)
  to   space 3072K, 0% used [0x0000000756480000,0x0000000756480000,0x0000000756780000)
 ParOldGen       total 68608K, used 54913K [0x0000000600000000, 0x0000000604300000, 0x0000000755580000)
  object space 68608K, 80% used [0x0000000600000000,0x00000006035a0400,0x0000000604300000)
 Metaspace       used 65774K, committed 67264K, reserved 1114112K
  class space    used 6915K, committed 7552K, reserved 1048576K
}
Event: 42.042 GC heap before
{Heap before GC invocations=46 (full 3):
 PSYoungGen      total 18432K, used 17865K [0x0000000755580000, 0x0000000756a80000, 0x0000000800000000)
  eden space 15360K, 100% used [0x0000000755580000,0x0000000756480000,0x0000000756480000)
  from space 3072K, 81% used [0x0000000756780000,0x00000007569f24c0,0x0000000756a80000)
  to   space 3072K, 0% used [0x0000000756480000,0x0000000756480000,0x0000000756780000)
 ParOldGen       total 68608K, used 54913K [0x0000000600000000, 0x0000000604300000, 0x0000000755580000)
  object space 68608K, 80% used [0x0000000600000000,0x00000006035a0400,0x0000000604300000)
 Metaspace       used 66237K, committed 67648K, reserved 1114112K
  class space    used 6962K, committed 7552K, reserved 1048576K
}
Event: 42.045 GC heap after
{Heap after GC invocations=46 (full 3):
 PSYoungGen      total 16384K, used 674K [0x0000000755580000, 0x0000000756800000, 0x0000000800000000)
  eden space 15360K, 0% used [0x0000000755580000,0x0000000755580000,0x0000000756480000)
  from space 1024K, 65% used [0x0000000756480000,0x0000000756528840,0x0000000756580000)
  to   space 1536K, 0% used [0x0000000756680000,0x0000000756680000,0x0000000756800000)
 ParOldGen       total 68608K, used 56589K [0x0000000600000000, 0x0000000604300000, 0x0000000755580000)
  object space 68608K, 82% used [0x0000000600000000,0x00000006037435d0,0x0000000604300000)
 Metaspace       used 66237K, committed 67648K, reserved 1114112K
  class space    used 6962K, committed 7552K, reserved 1048576K
}
Event: 108.739 GC heap before
{Heap before GC invocations=47 (full 3):
 PSYoungGen      total 16384K, used 16034K [0x0000000755580000, 0x0000000756800000, 0x0000000800000000)
  eden space 15360K, 100% used [0x0000000755580000,0x0000000756480000,0x0000000756480000)
  from space 1024K, 65% used [0x0000000756480000,0x0000000756528840,0x0000000756580000)
  to   space 1536K, 0% used [0x0000000756680000,0x0000000756680000,0x0000000756800000)
 ParOldGen       total 68608K, used 56589K [0x0000000600000000, 0x0000000604300000, 0x0000000755580000)
  object space 68608K, 82% used [0x0000000600000000,0x00000006037435d0,0x0000000604300000)
 Metaspace       used 66351K, committed 67840K, reserved 1114112K
  class space    used 6968K, committed 7552K, reserved 1048576K
}
Event: 108.747 GC heap after
{Heap after GC invocations=47 (full 3):
 PSYoungGen      total 16896K, used 1431K [0x0000000755580000, 0x0000000756880000, 0x0000000800000000)
  eden space 15360K, 0% used [0x0000000755580000,0x0000000755580000,0x0000000756480000)
  from space 1536K, 93% used [0x0000000756680000,0x00000007567e5df8,0x0000000756800000)
  to   space 2048K, 0% used [0x0000000756480000,0x0000000756480000,0x0000000756680000)
 ParOldGen       total 68608K, used 57062K [0x0000000600000000, 0x0000000604300000, 0x0000000755580000)
  object space 68608K, 83% used [0x0000000600000000,0x00000006037b9958,0x0000000604300000)
 Metaspace       used 66351K, committed 67840K, reserved 1114112K
  class space    used 6968K, committed 7552K, reserved 1048576K
}

