# JRE version: OpenJDK Runtime Environment Temurin-21.0.12.1+1 (21.0.12.1+1) (build 21.0.12.1+1-LTS)
# Java VM: OpenJDK 64-Bit Server VM Temurin-21.0.12.1+1 (21.0.12.1+1-LTS, mixed mode, sharing, tiered, compressed oops, compressed class ptrs, parallel gc, windows-amd64)
GC Precious Log:
 CardTable entry size: 512
 CPUs: 12 total, 12 available
 Memory: 7916M
 Large Page Support: Disabled
 NUMA Support: Disabled
 Compressed Oops: Enabled (Zero based)
 Alignments: Space 512K, Generation 512K, Heap 2M
 Heap Min Capacity: 100M
 Heap Initial Capacity: 100M
 Heap Max Capacity: 8G
 Pre-touch: Disabled
 Parallel Workers: 10
Heap:
 PSYoungGen      total 21504K, used 7460K [0x0000000755580000, 0x0000000756e00000, 0x0000000800000000)
  eden space 18432K, 25% used [0x0000000755580000,0x0000000755a1a708,0x0000000756780000)
  from space 3072K, 89% used [0x0000000756b00000,0x0000000756dae928,0x0000000756e00000)
  to   space 3072K, 0% used [0x0000000756800000,0x0000000756800000,0x0000000756b00000)
 ParOldGen       total 68608K, used 46470K [0x0000000600000000, 0x0000000604300000, 0x0000000755580000)
  object space 68608K, 67% used [0x0000000600000000,0x0000000602d61b90,0x0000000604300000)
 Metaspace       used 55505K, committed 56768K, reserved 1114112K
  class space    used 5958K, committed 6464K, reserved 1048576K
GC Heap History (20 events):
Event: 6.797 GC heap before
{Heap before GC invocations=23 (full 2):
 PSYoungGen      total 22528K, used 22464K [0x0000000755580000, 0x0000000757000000, 0x0000000800000000)
  eden space 20480K, 100% used [0x0000000755580000,0x0000000756980000,0x0000000756980000)
  from space 2048K, 96% used [0x0000000756e00000,0x0000000756ff0010,0x0000000757000000)
  to   space 2560K, 0% used [0x0000000756b00000,0x0000000756b00000,0x0000000756d80000)
 ParOldGen       total 68608K, used 31085K [0x0000000600000000, 0x0000000604300000, 0x0000000755580000)
  object space 68608K, 45% used [0x0000000600000000,0x0000000601e5b708,0x0000000604300000)
 Metaspace       used 40380K, committed 41600K, reserved 1114112K
  class space    used 4305K, committed 4864K, reserved 1048576K
}
Event: 6.801 GC heap after
{Heap after GC invocations=23 (full 2):
 PSYoungGen      total 22528K, used 1720K [0x0000000755580000, 0x0000000756e80000, 0x0000000800000000)
  eden space 20480K, 0% used [0x0000000755580000,0x0000000755580000,0x0000000756980000)
  from space 2048K, 84% used [0x0000000756b00000,0x0000000756cae200,0x0000000756d00000)
  to   space 1536K, 0% used [0x0000000756d00000,0x0000000756d00000,0x0000000756e80000)
 ParOldGen       total 68608K, used 32877K [0x0000000600000000, 0x0000000604300000, 0x0000000755580000)
  object space 68608K, 47% used [0x0000000600000000,0x000000060201b718,0x0000000604300000)
 Metaspace       used 40380K, committed 41600K, reserved 1114112K
  class space    used 4305K, committed 4864K, reserved 1048576K
}
Event: 6.907 GC heap before
{Heap before GC invocations=24 (full 2):
 PSYoungGen      total 22528K, used 22200K [0x0000000755580000, 0x0000000756e80000, 0x0000000800000000)
  eden space 20480K, 100% used [0x0000000755580000,0x0000000756980000,0x0000000756980000)
  from space 2048K, 84% used [0x0000000756b00000,0x0000000756cae200,0x0000000756d00000)
  to   space 1536K, 0% used [0x0000000756d00000,0x0000000756d00000,0x0000000756e80000)
 ParOldGen       total 68608K, used 32877K [0x0000000600000000, 0x0000000604300000, 0x0000000755580000)
  object space 68608K, 47% used [0x0000000600000000,0x000000060201b718,0x0000000604300000)
 Metaspace       used 41909K, committed 43136K, reserved 1114112K
  class space    used 4463K, committed 4992K, reserved 1048576K
}
Event: 6.910 GC heap after
{Heap after GC invocations=24 (full 2):
 PSYoungGen      total 22016K, used 1536K [0x0000000755580000, 0x0000000757080000, 0x0000000800000000)
  eden space 20480K, 0% used [0x0000000755580000,0x0000000755580000,0x0000000756980000)
  from space 1536K, 100% used [0x0000000756d00000,0x0000000756e80000,0x0000000756e80000)
  to   space 3584K, 0% used [0x0000000756980000,0x0000000756980000,0x0000000756d00000)
 ParOldGen       total 68608K, used 34486K [0x0000000600000000, 0x0000000604300000, 0x0000000755580000)
  object space 68608K, 50% used [0x0000000600000000,0x00000006021ad918,0x0000000604300000)
 Metaspace       used 41909K, committed 43136K, reserved 1114112K
  class space    used 4463K, committed 4992K, reserved 1048576K
}
Event: 7.057 GC heap before
{Heap before GC invocations=25 (full 2):
 PSYoungGen      total 22016K, used 22016K [0x0000000755580000, 0x0000000757080000, 0x0000000800000000)
  eden space 20480K, 100% used [0x0000000755580000,0x0000000756980000,0x0000000756980000)
  from space 1536K, 100% used [0x0000000756d00000,0x0000000756e80000,0x0000000756e80000)
  to   space 3584K, 0% used [0x0000000756980000,0x0000000756980000,0x0000000756d00000)
 ParOldGen       total 68608K, used 34486K [0x0000000600000000, 0x0000000604300000, 0x0000000755580000)
  object space 68608K, 50% used [0x0000000600000000,0x00000006021ad918,0x0000000604300000)
 Metaspace       used 44470K, committed 45632K, reserved 1114112K
  class space    used 4752K, committed 5248K, reserved 1048576K
}
Event: 7.060 GC heap after
{Heap after GC invocations=25 (full 2):
 PSYoungGen      total 21504K, used 952K [0x0000000755580000, 0x0000000756d80000, 0x0000000800000000)
  eden space 20480K, 0% used [0x0000000755580000,0x0000000755580000,0x0000000756980000)
  from space 1024K, 93% used [0x0000000756980000,0x0000000756a6e2e8,0x0000000756a80000)
  to   space 2048K, 0% used [0x0000000756b80000,0x0000000756b80000,0x0000000756d80000)
 ParOldGen       total 68608K, used 35918K [0x0000000600000000, 0x0000000604300000, 0x0000000755580000)
  object space 68608K, 52% used [0x0000000600000000,0x0000000602313898,0x0000000604300000)
 Metaspace       used 44470K, committed 45632K, reserved 1114112K
  class space    used 4752K, committed 5248K, reserved 1048576K
}
Event: 7.269 GC heap before
{Heap before GC invocations=26 (full 2):
 PSYoungGen      total 21504K, used 21432K [0x0000000755580000, 0x0000000756d80000, 0x0000000800000000)
  eden space 20480K, 100% used [0x0000000755580000,0x0000000756980000,0x0000000756980000)
  from space 1024K, 93% used [0x0000000756980000,0x0000000756a6e2e8,0x0000000756a80000)
  to   space 2048K, 0% used [0x0000000756b80000,0x0000000756b80000,0x0000000756d80000)
 ParOldGen       total 68608K, used 35918K [0x0000000600000000, 0x0000000604300000, 0x0000000755580000)
  object space 68608K, 52% used [0x0000000600000000,0x0000000602313898,0x0000000604300000)
 Metaspace       used 46931K, committed 48192K, reserved 1114112K
  class space    used 5045K, committed 5568K, reserved 1048576K
}
Event: 7.271 GC heap after
{Heap after GC invocations=26 (full 2):
 PSYoungGen      total 22016K, used 1300K [0x0000000755580000, 0x0000000756d00000, 0x0000000800000000)
  eden space 20480K, 0% used [0x0000000755580000,0x0000000755580000,0x0000000756980000)
  from space 1536K, 84% used [0x0000000756b80000,0x0000000756cc5028,0x0000000756d00000)
  to   space 1536K, 0% used [0x0000000756a00000,0x0000000756a00000,0x0000000756b80000)
 ParOldGen       total 68608K, used 36673K [0x0000000600000000, 0x0000000604300000, 0x0000000755580000)
  object space 68608K, 53% used [0x0000000600000000,0x00000006023d05d0,0x0000000604300000)
 Metaspace       used 46931K, committed 48192K, reserved 1114112K
  class space    used 5045K, committed 5568K, reserved 1048576K
}
Event: 7.563 GC heap before
{Heap before GC invocations=27 (full 2):
 PSYoungGen      total 22016K, used 21780K [0x0000000755580000, 0x0000000756d00000, 0x0000000800000000)
  eden space 20480K, 100% used [0x0000000755580000,0x0000000756980000,0x0000000756980000)
  from space 1536K, 84% used [0x0000000756b80000,0x0000000756cc5028,0x0000000756d00000)
  to   space 1536K, 0% used [0x0000000756a00000,0x0000000756a00000,0x0000000756b80000)
 ParOldGen       total 68608K, used 36673K [0x0000000600000000, 0x0000000604300000, 0x0000000755580000)
  object space 68608K, 53% used [0x0000000600000000,0x00000006023d05d0,0x0000000604300000)
 Metaspace       used 48350K, committed 49600K, reserved 1114112K
  class space    used 5269K, committed 5824K, reserved 1048576K
}
Event: 7.565 GC heap after
{Heap after GC invocations=27 (full 2):
 PSYoungGen      total 22016K, used 1088K [0x0000000755580000, 0x0000000756c80000, 0x0000000800000000)
  eden space 20480K, 0% used [0x0000000755580000,0x0000000755580000,0x0000000756980000)
  from space 1536K, 70% used [0x0000000756a00000,0x0000000756b10000,0x0000000756b80000)
  to   space 1024K, 0% used [0x0000000756b80000,0x0000000756b80000,0x0000000756c80000)
 ParOldGen       total 68608K, used 37697K [0x0000000600000000, 0x0000000604300000, 0x0000000755580000)
  object space 68608K, 54% used [0x0000000600000000,0x00000006024d0480,0x0000000604300000)
 Metaspace       used 48350K, committed 49600K, reserved 1114112K
  class space    used 5269K, committed 5824K, reserved 1048576K
}
Event: 7.830 GC heap before
{Heap before GC invocations=28 (full 2):
 PSYoungGen      total 22016K, used 21568K [0x0000000755580000, 0x0000000756c80000, 0x0000000800000000)
  eden space 20480K, 100% used [0x0000000755580000,0x0000000756980000,0x0000000756980000)
  from space 1536K, 70% used [0x0000000756a00000,0x0000000756b10000,0x0000000756b80000)
  to   space 1024K, 0% used [0x0000000756b80000,0x0000000756b80000,0x0000000756c80000)
 ParOldGen       total 68608K, used 37697K [0x0000000600000000, 0x0000000604300000, 0x0000000755580000)
  object space 68608K, 54% used [0x0000000600000000,0x00000006024d0480,0x0000000604300000)
 Metaspace       used 50026K, committed 51264K, reserved 1114112K
  class space    used 5463K, committed 6016K, reserved 1048576K
}
Event: 7.832 GC heap after
{Heap after GC invocations=28 (full 2):
 PSYoungGen      total 21504K, used 928K [0x0000000755580000, 0x0000000756c80000, 0x0000000800000000)
  eden space 20480K, 0% used [0x0000000755580000,0x0000000755580000,0x0000000756980000)
  from space 1024K, 90% used [0x0000000756b80000,0x0000000756c68010,0x0000000756c80000)
  to   space 1024K, 0% used [0x0000000756a80000,0x0000000756a80000,0x0000000756b80000)
 ParOldGen       total 68608K, used 38617K [0x0000000600000000, 0x0000000604300000, 0x0000000755580000)
  object space 68608K, 56% used [0x0000000600000000,0x00000006025b64a0,0x0000000604300000)
 Metaspace       used 50026K, committed 51264K, reserved 1114112K
  class space    used 5463K, committed 6016K, reserved 1048576K
}
Event: 8.475 GC heap before
{Heap before GC invocations=29 (full 2):
 PSYoungGen      total 21504K, used 21356K [0x0000000755580000, 0x0000000756c80000, 0x0000000800000000)
  eden space 20480K, 99% used [0x0000000755580000,0x00000007569732f0,0x0000000756980000)
  from space 1024K, 90% used [0x0000000756b80000,0x0000000756c68010,0x0000000756c80000)
  to   space 1024K, 0% used [0x0000000756a80000,0x0000000756a80000,0x0000000756b80000)
 ParOldGen       total 68608K, used 38617K [0x0000000600000000, 0x0000000604300000, 0x0000000755580000)
  object space 68608K, 56% used [0x0000000600000000,0x00000006025b64a0,0x0000000604300000)
 Metaspace       used 52397K, committed 53568K, reserved 1114112K
  class space    used 5697K, committed 6208K, reserved 1048576K
}
Event: 8.479 GC heap after
{Heap after GC invocations=29 (full 2):
 PSYoungGen      total 21504K, used 1007K [0x0000000755580000, 0x0000000756f80000, 0x0000000800000000)
  eden space 20480K, 0% used [0x0000000755580000,0x0000000755580000,0x0000000756980000)
  from space 1024K, 98% used [0x0000000756a80000,0x0000000756b7be48,0x0000000756b80000)
  to   space 3072K, 0% used [0x0000000756c80000,0x0000000756c80000,0x0000000756f80000)
 ParOldGen       total 68608K, used 40075K [0x0000000600000000, 0x0000000604300000, 0x0000000755580000)
  object space 68608K, 58% used [0x0000000600000000,0x0000000602722dd0,0x0000000604300000)
 Metaspace       used 52397K, committed 53568K, reserved 1114112K
  class space    used 5697K, committed 6208K, reserved 1048576K
}
Event: 9.049 GC heap before
{Heap before GC invocations=30 (full 2):
 PSYoungGen      total 21504K, used 21398K [0x0000000755580000, 0x0000000756f80000, 0x0000000800000000)
  eden space 20480K, 99% used [0x0000000755580000,0x00000007569699d0,0x0000000756980000)
  from space 1024K, 98% used [0x0000000756a80000,0x0000000756b7be48,0x0000000756b80000)
  to   space 3072K, 0% used [0x0000000756c80000,0x0000000756c80000,0x0000000756f80000)
 ParOldGen       total 68608K, used 40075K [0x0000000600000000, 0x0000000604300000, 0x0000000755580000)
  object space 68608K, 58% used [0x0000000600000000,0x0000000602722dd0,0x0000000604300000)
 Metaspace       used 53688K, committed 54976K, reserved 1114112K
  class space    used 5818K, committed 6336K, reserved 1048576K
}
Event: 9.053 GC heap after
{Heap after GC invocations=30 (full 2):
 PSYoungGen      total 21504K, used 3054K [0x0000000755580000, 0x0000000757380000, 0x0000000800000000)
  eden space 18432K, 0% used [0x0000000755580000,0x0000000755580000,0x0000000756780000)
  from space 3072K, 99% used [0x0000000756c80000,0x0000000756f7b820,0x0000000756f80000)
  to   space 5120K, 0% used [0x0000000756780000,0x0000000756780000,0x0000000756c80000)
 ParOldGen       total 68608K, used 41336K [0x0000000600000000, 0x0000000604300000, 0x0000000755580000)
  object space 68608K, 60% used [0x0000000600000000,0x000000060285e3e0,0x0000000604300000)
 Metaspace       used 53688K, committed 54976K, reserved 1114112K
  class space    used 5818K, committed 6336K, reserved 1048576K
}
Event: 9.272 GC heap before
{Heap before GC invocations=31 (full 2):
 PSYoungGen      total 21504K, used 21486K [0x0000000755580000, 0x0000000757380000, 0x0000000800000000)
  eden space 18432K, 100% used [0x0000000755580000,0x0000000756780000,0x0000000756780000)
  from space 3072K, 99% used [0x0000000756c80000,0x0000000756f7b820,0x0000000756f80000)
  to   space 5120K, 0% used [0x0000000756780000,0x0000000756780000,0x0000000756c80000)
 ParOldGen       total 68608K, used 41336K [0x0000000600000000, 0x0000000604300000, 0x0000000755580000)
  object space 68608K, 60% used [0x0000000600000000,0x000000060285e3e0,0x0000000604300000)
 Metaspace       used 54464K, committed 55744K, reserved 1114112K
  class space    used 5909K, committed 6464K, reserved 1048576K
}
Event: 9.277 GC heap after
{Heap after GC invocations=31 (full 2):
 PSYoungGen      total 20992K, used 2536K [0x0000000755580000, 0x0000000756e80000, 0x0000000800000000)
  eden space 18432K, 0% used [0x0000000755580000,0x0000000755580000,0x0000000756780000)
  from space 2560K, 99% used [0x0000000756780000,0x00000007569fa038,0x0000000756a00000)
  to   space 3584K, 0% used [0x0000000756b00000,0x0000000756b00000,0x0000000756e80000)
 ParOldGen       total 68608K, used 44160K [0x0000000600000000, 0x0000000604300000, 0x0000000755580000)
  object space 68608K, 64% used [0x0000000600000000,0x0000000602b201d8,0x0000000604300000)
 Metaspace       used 54464K, committed 55744K, reserved 1114112K
  class space    used 5909K, committed 6464K, reserved 1048576K
}
Event: 9.688 GC heap before
{Heap before GC invocations=32 (full 2):
 PSYoungGen      total 20992K, used 20968K [0x0000000755580000, 0x0000000756e80000, 0x0000000800000000)
  eden space 18432K, 100% used [0x0000000755580000,0x0000000756780000,0x0000000756780000)
  from space 2560K, 99% used [0x0000000756780000,0x00000007569fa038,0x0000000756a00000)
  to   space 3584K, 0% used [0x0000000756b00000,0x0000000756b00000,0x0000000756e80000)
 ParOldGen       total 68608K, used 44160K [0x0000000600000000, 0x0000000604300000, 0x0000000755580000)
  object space 68608K, 64% used [0x0000000600000000,0x0000000602b201d8,0x0000000604300000)
 Metaspace       used 55305K, committed 56576K, reserved 1114112K
  class space    used 5948K, committed 6464K, reserved 1048576K
}
Event: 9.693 GC heap after
{Heap after GC invocations=32 (full 2):
 PSYoungGen      total 21504K, used 2746K [0x0000000755580000, 0x0000000756e00000, 0x0000000800000000)
  eden space 18432K, 0% used [0x0000000755580000,0x0000000755580000,0x0000000756780000)
  from space 3072K, 89% used [0x0000000756b00000,0x0000000756dae928,0x0000000756e00000)
  to   space 3072K, 0% used [0x0000000756800000,0x0000000756800000,0x0000000756b00000)
 ParOldGen       total 68608K, used 46470K [0x0000000600000000, 0x0000000604300000, 0x0000000755580000)
  object space 68608K, 67% used [0x0000000600000000,0x0000000602d61b90,0x0000000604300000)
 Metaspace       used 55305K, committed 56576K, reserved 1114112K
  class space    used 5948K, committed 6464K, reserved 1048576K
}

