# JRE version: OpenJDK Runtime Environment Temurin-21.0.12.1+1 (21.0.12.1+1) (build 21.0.12.1+1-LTS)
# Java VM: OpenJDK 64-Bit Server VM Temurin-21.0.12.1+1 (21.0.12.1+1-LTS, mixed mode, sharing, tiered, compressed oops, compressed class ptrs, parallel gc, windows-amd64)
GC Precious Log:
 CardTable entry size: 512
 CPUs: 12 total, 12 available
 Memory: 7916M
 Large Page Support: Disabled
 NUMA Support: Disabled
 Compressed Oops: Enabled (Zero based)
 Alignments: Space 512K, Generation 512K, Heap 2M
 Heap Min Capacity: 100M
 Heap Initial Capacity: 100M
 Heap Max Capacity: 8G
 Pre-touch: Disabled
 Parallel Workers: 10
Heap:
 PSYoungGen      total 4608K, used 1522K [0x0000000755580000, 0x0000000755f80000, 0x0000000800000000)
  eden space 4096K, 25% used [0x0000000755580000,0x0000000755684330,0x0000000755980000)
  from space 512K, 94% used [0x0000000755f00000,0x0000000755f78820,0x0000000755f80000)
  to   space 1024K, 0% used [0x0000000755d80000,0x0000000755d80000,0x0000000755e80000)
 ParOldGen       total 155136K, used 154656K [0x0000000600000000, 0x0000000609780000, 0x0000000755580000)
  object space 155136K, 99% used [0x0000000600000000,0x0000000609708348,0x0000000609780000)
 Metaspace       used 67645K, committed 69120K, reserved 1114112K
  class space    used 7069K, committed 7744K, reserved 1048576K
GC Heap History (20 events):
Event: 18.286 GC heap before
{Heap before GC invocations=62 (full 3):
 PSYoungGen      total 4608K, used 4384K [0x0000000755580000, 0x0000000756080000, 0x0000000800000000)
  eden space 4096K, 100% used [0x0000000755580000,0x0000000755980000,0x0000000755980000)
  from space 512K, 56% used [0x0000000756000000,0x0000000756048000,0x0000000756080000)
  to   space 512K, 0% used [0x0000000755f80000,0x0000000755f80000,0x0000000756000000)
 ParOldGen       total 147968K, used 147506K [0x0000000600000000, 0x0000000609080000, 0x0000000755580000)
  object space 147968K, 99% used [0x0000000600000000,0x000000060900cb10,0x0000000609080000)
 Metaspace       used 66850K, committed 68288K, reserved 1114112K
  class space    used 7022K, committed 7616K, reserved 1048576K
}
Event: 18.287 GC heap after
{Heap after GC invocations=62 (full 3):
 PSYoungGen      total 4608K, used 435K [0x0000000755580000, 0x0000000756080000, 0x0000000800000000)
  eden space 4096K, 0% used [0x0000000755580000,0x0000000755580000,0x0000000755980000)
  from space 512K, 84% used [0x0000000755f80000,0x0000000755fecc68,0x0000000756000000)
  to   space 512K, 0% used [0x0000000756000000,0x0000000756000000,0x0000000756080000)
 ParOldGen       total 147968K, used 147623K [0x0000000600000000, 0x0000000609080000, 0x0000000755580000)
  object space 147968K, 99% used [0x0000000600000000,0x0000000609029db0,0x0000000609080000)
 Metaspace       used 66850K, committed 68288K, reserved 1114112K
  class space    used 7022K, committed 7616K, reserved 1048576K
}
Event: 18.314 GC heap before
{Heap before GC invocations=63 (full 3):
 PSYoungGen      total 4608K, used 4531K [0x0000000755580000, 0x0000000756080000, 0x0000000800000000)
  eden space 4096K, 100% used [0x0000000755580000,0x0000000755980000,0x0000000755980000)
  from space 512K, 84% used [0x0000000755f80000,0x0000000755fecc68,0x0000000756000000)
  to   space 512K, 0% used [0x0000000756000000,0x0000000756000000,0x0000000756080000)
 ParOldGen       total 147968K, used 147623K [0x0000000600000000, 0x0000000609080000, 0x0000000755580000)
  object space 147968K, 99% used [0x0000000600000000,0x0000000609029db0,0x0000000609080000)
 Metaspace       used 66881K, committed 68352K, reserved 1114112K
  class space    used 7023K, committed 7616K, reserved 1048576K
}
Event: 18.316 GC heap after
{Heap after GC invocations=63 (full 3):
 PSYoungGen      total 4608K, used 511K [0x0000000755580000, 0x0000000756080000, 0x0000000800000000)
  eden space 4096K, 0% used [0x0000000755580000,0x0000000755580000,0x0000000755980000)
  from space 512K, 99% used [0x0000000756000000,0x000000075607fc68,0x0000000756080000)
  to   space 1024K, 0% used [0x0000000755e80000,0x0000000755e80000,0x0000000755f80000)
 ParOldGen       total 149504K, used 149377K [0x0000000600000000, 0x0000000609200000, 0x0000000755580000)
  object space 149504K, 99% used [0x0000000600000000,0x00000006091e04f0,0x0000000609200000)
 Metaspace       used 66881K, committed 68352K, reserved 1114112K
  class space    used 7023K, committed 7616K, reserved 1048576K
}
Event: 18.362 GC heap before
{Heap before GC invocations=64 (full 3):
 PSYoungGen      total 4608K, used 4505K [0x0000000755580000, 0x0000000756080000, 0x0000000800000000)
  eden space 4096K, 97% used [0x0000000755580000,0x0000000755966a60,0x0000000755980000)
  from space 512K, 99% used [0x0000000756000000,0x000000075607fc68,0x0000000756080000)
  to   space 1024K, 0% used [0x0000000755e80000,0x0000000755e80000,0x0000000755f80000)
 ParOldGen       total 149504K, used 149377K [0x0000000600000000, 0x0000000609200000, 0x0000000755580000)
  object space 149504K, 99% used [0x0000000600000000,0x00000006091e04f0,0x0000000609200000)
 Metaspace       used 66927K, committed 68352K, reserved 1114112K
  class space    used 7024K, committed 7616K, reserved 1048576K
}
Event: 18.364 GC heap after
{Heap after GC invocations=64 (full 3):
 PSYoungGen      total 5120K, used 912K [0x0000000755580000, 0x0000000756080000, 0x0000000800000000)
  eden space 4096K, 0% used [0x0000000755580000,0x0000000755580000,0x0000000755980000)
  from space 1024K, 89% used [0x0000000755e80000,0x0000000755f64078,0x0000000755f80000)
  to   space 1024K, 0% used [0x0000000755f80000,0x0000000755f80000,0x0000000756080000)
 ParOldGen       total 151040K, used 151007K [0x0000000600000000, 0x0000000609380000, 0x0000000755580000)
  object space 151040K, 99% used [0x0000000600000000,0x0000000609377fa8,0x0000000609380000)
 Metaspace       used 66927K, committed 68352K, reserved 1114112K
  class space    used 7024K, committed 7616K, reserved 1048576K
}
Event: 18.418 GC heap before
{Heap before GC invocations=65 (full 3):
 PSYoungGen      total 5120K, used 5008K [0x0000000755580000, 0x0000000756080000, 0x0000000800000000)
  eden space 4096K, 100% used [0x0000000755580000,0x0000000755980000,0x0000000755980000)
  from space 1024K, 89% used [0x0000000755e80000,0x0000000755f64078,0x0000000755f80000)
  to   space 1024K, 0% used [0x0000000755f80000,0x0000000755f80000,0x0000000756080000)
 ParOldGen       total 151040K, used 151007K [0x0000000600000000, 0x0000000609380000, 0x0000000755580000)
  object space 151040K, 99% used [0x0000000600000000,0x0000000609377fa8,0x0000000609380000)
 Metaspace       used 66955K, committed 68352K, reserved 1114112K
  class space    used 7028K, committed 7616K, reserved 1048576K
}
Event: 18.420 GC heap after
{Heap after GC invocations=65 (full 3):
 PSYoungGen      total 5120K, used 949K [0x0000000755580000, 0x0000000756080000, 0x0000000800000000)
  eden space 4096K, 0% used [0x0000000755580000,0x0000000755580000,0x0000000755980000)
  from space 1024K, 92% used [0x0000000755f80000,0x000000075606d518,0x0000000756080000)
  to   space 1024K, 0% used [0x0000000755e80000,0x0000000755e80000,0x0000000755f80000)
 ParOldGen       total 153088K, used 152758K [0x0000000600000000, 0x0000000609580000, 0x0000000755580000)
  object space 153088K, 99% used [0x0000000600000000,0x000000060952da20,0x0000000609580000)
 Metaspace       used 66955K, committed 68352K, reserved 1114112K
  class space    used 7028K, committed 7616K, reserved 1048576K
}
Event: 31.538 GC heap before
{Heap before GC invocations=66 (full 3):
 PSYoungGen      total 5120K, used 5045K [0x0000000755580000, 0x0000000756080000, 0x0000000800000000)
  eden space 4096K, 100% used [0x0000000755580000,0x0000000755980000,0x0000000755980000)
  from space 1024K, 92% used [0x0000000755f80000,0x000000075606d518,0x0000000756080000)
  to   space 1024K, 0% used [0x0000000755e80000,0x0000000755e80000,0x0000000755f80000)
 ParOldGen       total 153088K, used 152758K [0x0000000600000000, 0x0000000609580000, 0x0000000755580000)
  object space 153088K, 99% used [0x0000000600000000,0x000000060952da20,0x0000000609580000)
 Metaspace       used 67030K, committed 68416K, reserved 1114112K
  class space    used 7032K, committed 7616K, reserved 1048576K
}
Event: 31.540 GC heap after
{Heap after GC invocations=66 (full 3):
 PSYoungGen      total 5120K, used 571K [0x0000000755580000, 0x0000000756000000, 0x0000000800000000)
  eden space 4096K, 0% used [0x0000000755580000,0x0000000755580000,0x0000000755980000)
  from space 1024K, 55% used [0x0000000755e80000,0x0000000755f0efe8,0x0000000755f80000)
  to   space 512K, 0% used [0x0000000755f80000,0x0000000755f80000,0x0000000756000000)
 ParOldGen       total 153600K, used 153299K [0x0000000600000000, 0x0000000609600000, 0x0000000755580000)
  object space 153600K, 99% used [0x0000000600000000,0x00000006095b4d10,0x0000000609600000)
 Metaspace       used 67030K, committed 68416K, reserved 1114112K
  class space    used 7032K, committed 7616K, reserved 1048576K
}
Event: 64.574 GC heap before
{Heap before GC invocations=67 (full 3):
 PSYoungGen      total 5120K, used 4667K [0x0000000755580000, 0x0000000756000000, 0x0000000800000000)
  eden space 4096K, 100% used [0x0000000755580000,0x0000000755980000,0x0000000755980000)
  from space 1024K, 55% used [0x0000000755e80000,0x0000000755f0efe8,0x0000000755f80000)
  to   space 512K, 0% used [0x0000000755f80000,0x0000000755f80000,0x0000000756000000)
 ParOldGen       total 153600K, used 153299K [0x0000000600000000, 0x0000000609600000, 0x0000000755580000)
  object space 153600K, 99% used [0x0000000600000000,0x00000006095b4d10,0x0000000609600000)
 Metaspace       used 67312K, committed 68800K, reserved 1114112K
  class space    used 7049K, committed 7680K, reserved 1048576K
}
Event: 64.576 GC heap after
{Heap after GC invocations=67 (full 3):
 PSYoungGen      total 4608K, used 506K [0x0000000755580000, 0x0000000756000000, 0x0000000800000000)
  eden space 4096K, 0% used [0x0000000755580000,0x0000000755580000,0x0000000755980000)
  from space 512K, 98% used [0x0000000755f80000,0x0000000755ffe938,0x0000000756000000)
  to   space 1536K, 0% used [0x0000000755d00000,0x0000000755d00000,0x0000000755e80000)
 ParOldGen       total 154112K, used 153950K [0x0000000600000000, 0x0000000609680000, 0x0000000755580000)
  object space 154112K, 99% used [0x0000000600000000,0x0000000609657928,0x0000000609680000)
 Metaspace       used 67312K, committed 68800K, reserved 1114112K
  class space    used 7049K, committed 7680K, reserved 1048576K
}
Event: 97.970 GC heap before
{Heap before GC invocations=68 (full 3):
 PSYoungGen      total 4608K, used 4602K [0x0000000755580000, 0x0000000756000000, 0x0000000800000000)
  eden space 4096K, 100% used [0x0000000755580000,0x0000000755980000,0x0000000755980000)
  from space 512K, 98% used [0x0000000755f80000,0x0000000755ffe938,0x0000000756000000)
  to   space 1536K, 0% used [0x0000000755d00000,0x0000000755d00000,0x0000000755e80000)
 ParOldGen       total 154112K, used 153950K [0x0000000600000000, 0x0000000609680000, 0x0000000755580000)
  object space 154112K, 99% used [0x0000000600000000,0x0000000609657928,0x0000000609680000)
 Metaspace       used 67397K, committed 68864K, reserved 1114112K
  class space    used 7053K, committed 7680K, reserved 1048576K
}
Event: 97.973 GC heap after
{Heap after GC invocations=68 (full 3):
 PSYoungGen      total 5632K, used 288K [0x0000000755580000, 0x0000000756000000, 0x0000000800000000)
  eden space 4096K, 0% used [0x0000000755580000,0x0000000755580000,0x0000000755980000)
  from space 1536K, 18% used [0x0000000755d00000,0x0000000755d48000,0x0000000755e80000)
  to   space 1024K, 0% used [0x0000000755f00000,0x0000000755f00000,0x0000000756000000)
 ParOldGen       total 154624K, used 154454K [0x0000000600000000, 0x0000000609700000, 0x0000000755580000)
  object space 154624K, 99% used [0x0000000600000000,0x00000006096d5b40,0x0000000609700000)
 Metaspace       used 67397K, committed 68864K, reserved 1114112K
  class space    used 7053K, committed 7680K, reserved 1048576K
}
Event: 99.857 GC heap before
{Heap before GC invocations=69 (full 3):
 PSYoungGen      total 5632K, used 4383K [0x0000000755580000, 0x0000000756000000, 0x0000000800000000)
  eden space 4096K, 99% used [0x0000000755580000,0x000000075597ffe8,0x0000000755980000)
  from space 1536K, 18% used [0x0000000755d00000,0x0000000755d48000,0x0000000755e80000)
  to   space 1024K, 0% used [0x0000000755f00000,0x0000000755f00000,0x0000000756000000)
 ParOldGen       total 154624K, used 154454K [0x0000000600000000, 0x0000000609700000, 0x0000000755580000)
  object space 154624K, 99% used [0x0000000600000000,0x00000006096d5b40,0x0000000609700000)
 Metaspace       used 67441K, committed 68864K, reserved 1114112K
  class space    used 7053K, committed 7680K, reserved 1048576K
}
Event: 99.861 GC heap after
{Heap after GC invocations=69 (full 3):
 PSYoungGen      total 4608K, used 320K [0x0000000755580000, 0x0000000755f80000, 0x0000000800000000)
  eden space 4096K, 0% used [0x0000000755580000,0x0000000755580000,0x0000000755980000)
  from space 512K, 62% used [0x0000000755f00000,0x0000000755f50000,0x0000000755f80000)
  to   space 512K, 0% used [0x0000000755e80000,0x0000000755e80000,0x0000000755f00000)
 ParOldGen       total 154624K, used 154510K [0x0000000600000000, 0x0000000609700000, 0x0000000755580000)
  object space 154624K, 99% used [0x0000000600000000,0x00000006096e3b40,0x0000000609700000)
 Metaspace       used 67441K, committed 68864K, reserved 1114112K
  class space    used 7053K, committed 7680K, reserved 1048576K
}
Event: 108.889 GC heap before
{Heap before GC invocations=70 (full 3):
 PSYoungGen      total 4608K, used 4416K [0x0000000755580000, 0x0000000755f80000, 0x0000000800000000)
  eden space 4096K, 100% used [0x0000000755580000,0x0000000755980000,0x0000000755980000)
  from space 512K, 62% used [0x0000000755f00000,0x0000000755f50000,0x0000000755f80000)
  to   space 512K, 0% used [0x0000000755e80000,0x0000000755e80000,0x0000000755f00000)
 ParOldGen       total 154624K, used 154510K [0x0000000600000000, 0x0000000609700000, 0x0000000755580000)
  object space 154624K, 99% used [0x0000000600000000,0x00000006096e3b40,0x0000000609700000)
 Metaspace       used 67521K, committed 68928K, reserved 1114112K
  class space    used 7058K, committed 7680K, reserved 1048576K
}
Event: 108.890 GC heap after
{Heap after GC invocations=70 (full 3):
 PSYoungGen      total 4608K, used 274K [0x0000000755580000, 0x0000000755f80000, 0x0000000800000000)
  eden space 4096K, 0% used [0x0000000755580000,0x0000000755580000,0x0000000755980000)
  from space 512K, 53% used [0x0000000755e80000,0x0000000755ec4808,0x0000000755f00000)
  to   space 512K, 0% used [0x0000000755f00000,0x0000000755f00000,0x0000000755f80000)
 ParOldGen       total 154624K, used 154566K [0x0000000600000000, 0x0000000609700000, 0x0000000755580000)
  object space 154624K, 99% used [0x0000000600000000,0x00000006096f1b40,0x0000000609700000)
 Metaspace       used 67521K, committed 68928K, reserved 1114112K
  class space    used 7058K, committed 7680K, reserved 1048576K
}
Event: 116.445 GC heap before
{Heap before GC invocations=71 (full 3):
 PSYoungGen      total 4608K, used 4370K [0x0000000755580000, 0x0000000755f80000, 0x0000000800000000)
  eden space 4096K, 100% used [0x0000000755580000,0x0000000755980000,0x0000000755980000)
  from space 512K, 53% used [0x0000000755e80000,0x0000000755ec4808,0x0000000755f00000)
  to   space 512K, 0% used [0x0000000755f00000,0x0000000755f00000,0x0000000755f80000)
 ParOldGen       total 154624K, used 154566K [0x0000000600000000, 0x0000000609700000, 0x0000000755580000)
  object space 154624K, 99% used [0x0000000600000000,0x00000006096f1b40,0x0000000609700000)
 Metaspace       used 67616K, committed 68992K, reserved 1114112K
  class space    used 7065K, committed 7680K, reserved 1048576K
}
Event: 116.453 GC heap after
{Heap after GC invocations=71 (full 3):
 PSYoungGen      total 4608K, used 482K [0x0000000755580000, 0x0000000755f80000, 0x0000000800000000)
  eden space 4096K, 0% used [0x0000000755580000,0x0000000755580000,0x0000000755980000)
  from space 512K, 94% used [0x0000000755f00000,0x0000000755f78820,0x0000000755f80000)
  to   space 1024K, 0% used [0x0000000755d80000,0x0000000755d80000,0x0000000755e80000)
 ParOldGen       total 155136K, used 154656K [0x0000000600000000, 0x0000000609780000, 0x0000000755580000)
  object space 155136K, 99% used [0x0000000600000000,0x0000000609708348,0x0000000609780000)
 Metaspace       used 67616K, committed 68992K, reserved 1114112K
  class space    used 7065K, committed 7680K, reserved 1048576K
}

